#
# A fatal error has been detected by the Java Runtime Environment:
#
#  EXCEPTION_ACCESS_VIOLATION (0xc0000005) at pc=0x000000006224884b, pid=35576, tid=0x000000000000a140
#
# JRE version: Java(TM) SE Runtime Environment (8.0_92-b14) (build 1.8.0_92-b14)
# Java VM: Java HotSpot(TM) 64-Bit Server VM (25.92-b14 mixed mode windows-amd64 compressed oops)
# Problematic frame:
# V  [jvm.dll+0x4b884b]
#
# Failed to write core dump. Minidumps are not enabled by default on client versions of Windows
#
# If you would like to submit a bug report, please visit:
#   http://bugreport.java.com/bugreport/crash.jsp
#

---------------  T H R E A D  ---------------

Current thread (0x0000000014a1c800):  JavaThread "C2 CompilerThread0" daemon [_thread_in_native, id=41280, stack(0x0000000016050000,0x0000000016150000)]

siginfo: ExceptionCode=0xc0000005, reading address 0x000000000000002c

Registers:
RAX=0x0000000016434d10, RBX=0x000000001b8cfa88, RCX=0x00000000000001ff, RDX=0x0000000021fe6d80
RSP=0x000000001614b8c0, RBP=0x0000000021fe6f88, RSI=0x0000000000000000, RDI=0x0000000000000000
R8 =0x0000000000000002, R9 =0x000000001b727f78, R10=0x000000001b8d3020, R11=0x0000000000080000
R12=0x0000000021fe6fd0, R13=0x000000001614be30, R14=0x00000000000001ff, R15=0x0000000000000003
RIP=0x000000006224884b, EFLAGS=0x0000000000010246

Top of Stack: (sp=0x000000001614b8c0)
0x000000001614b8c0:   000000001b727598 0000000000000000
0x000000001614b8d0:   000000001b704a50 0000000000000200
0x000000001614b8e0:   000000001614ba08 0000000062248c2a
0x000000001614b8f0:   000000001b8cfa88 0000000021fe6f88
0x000000001614b900:   000000001614be30 000000001614b9e8
0x000000001614b910:   0000000000000002 000000001b72d298
0x000000001614b920:   000000001614ba58 000000001614b9e8
0x000000001614b930:   0000000000000b11 000000006224de18
0x000000001614b940:   000000001614be30 000000001b72d298
0x000000001614b950:   000000001614be50 000000001614ba08
0x000000001614b960:   000000001baec460 00000000149e6770
0x000000001614b970:   0000000000000004 0000000000000002
0x000000001614b980:   000000001b5264c0 0000000021fced60
0x000000001614b990:   00000000149e6770 000000001614be30
0x000000001614b9a0:   000000001614bab0 000000006224fdab
0x000000001614b9b0:   000000001614be30 000000001614ba08 

Instructions: (pc=0x000000006224884b)
0x000000006224882b:   10 83 78 18 03 75 0a 48 8b 40 08 48 8b 40 08 eb
0x000000006224883b:   03 48 8b c7 48 8b 40 08 b9 ff 01 00 00 48 8b 30
0x000000006224884b:   0f b7 46 2c 66 23 c1 b9 60 01 00 00 66 3b c1 75
0x000000006224885b:   48 48 8b 46 08 48 8b 40 10 48 85 c0 74 23 48 8b 


Register to memory mapping:

RAX=0x0000000016434d10 is an unknown value
RBX=0x000000001b8cfa88 is an unknown value
RCX=0x00000000000001ff is an unknown value
RDX=0x0000000021fe6d80 is an unknown value
RSP=0x000000001614b8c0 is pointing into the stack for thread: 0x0000000014a1c800
RBP=0x0000000021fe6f88 is an unknown value
RSI=0x0000000000000000 is an unknown value
RDI=0x0000000000000000 is an unknown value
R8 =0x0000000000000002 is an unknown value
R9 =0x000000001b727f78 is an unknown value
R10=0x000000001b8d3020 is an unknown value
R11=0x0000000000080000 is an unknown value
R12=0x0000000021fe6fd0 is an unknown value
R13=0x000000001614be30 is pointing into the stack for thread: 0x0000000014a1c800
R14=0x00000000000001ff is an unknown value
R15=0x0000000000000003 is an unknown value


Stack: [0x0000000016050000,0x0000000016150000],  sp=0x000000001614b8c0,  free space=1006k
Native frames: (J=compiled Java code, j=interpreted, Vv=VM code, C=native code)
V  [jvm.dll+0x4b884b]
V  [jvm.dll+0x4b8c2a]
V  [jvm.dll+0x4bde18]
V  [jvm.dll+0x4bfdab]
V  [jvm.dll+0x471e35]
V  [jvm.dll+0x472b94]
V  [jvm.dll+0x455b42]
V  [jvm.dll+0xa50a2]
V  [jvm.dll+0xa59df]
V  [jvm.dll+0x244314]
V  [jvm.dll+0x29b34a]
C  [msvcr100.dll+0x21d9f]
C  [msvcr100.dll+0x21e3b]
C  [KERNEL32.DLL+0x18102]
C  [ntdll.dll+0x5c5b4]


Current CompileTask:
C2: 422848 2785 %     4       Mountain::drawImpact @ 17 (307 bytes)


---------------  P R O C E S S  ---------------

Java Threads: ( => current thread )
  0x000000001b54b800 JavaThread "Prism Font Disposer" daemon [_thread_blocked, id=33540, stack(0x000000001ee00000,0x000000001ef00000)]
  0x000000001b369000 JavaThread "JavaFX-Launcher" [_thread_blocked, id=32252, stack(0x000000001bc00000,0x000000001bd00000)]
  0x0000000016742800 JavaThread "Thread-2" daemon [_thread_in_native, id=9644, stack(0x000000001bb00000,0x000000001bc00000)]
  0x000000001670b000 JavaThread "JavaFX Application Thread" [_thread_blocked, id=41564, stack(0x0000000016c70000,0x0000000016d70000)]
  0x00000000166ed800 JavaThread "Thread-1" daemon [_thread_blocked, id=41448, stack(0x0000000016b70000,0x0000000016c70000)]
  0x00000000166c5800 JavaThread "QuantumRenderer-0" daemon [_thread_in_native, id=40512, stack(0x0000000016950000,0x0000000016a50000)]
  0x0000000014a7d800 JavaThread "Service Thread" daemon [_thread_blocked, id=41796, stack(0x0000000016750000,0x0000000016850000)]
  0x0000000014a27000 JavaThread "C1 CompilerThread2" daemon [_thread_blocked, id=37372, stack(0x0000000016250000,0x0000000016350000)]
  0x0000000014a20800 JavaThread "C2 CompilerThread1" daemon [_thread_blocked, id=40276, stack(0x0000000016150000,0x0000000016250000)]
=>0x0000000014a1c800 JavaThread "C2 CompilerThread0" daemon [_thread_in_native, id=41280, stack(0x0000000016050000,0x0000000016150000)]
  0x0000000014a1b000 JavaThread "Attach Listener" daemon [_thread_blocked, id=33276, stack(0x0000000015f50000,0x0000000016050000)]
  0x0000000014a19800 JavaThread "Signal Dispatcher" daemon [_thread_blocked, id=41444, stack(0x0000000015e50000,0x0000000015f50000)]
  0x0000000014a0a800 JavaThread "Finalizer" daemon [_thread_blocked, id=26300, stack(0x0000000015c70000,0x0000000015d70000)]
  0x000000000243f800 JavaThread "Reference Handler" daemon [_thread_blocked, id=35604, stack(0x0000000015b70000,0x0000000015c70000)]
  0x0000000002350800 JavaThread "main" [_thread_blocked, id=41312, stack(0x00000000021c0000,0x00000000022c0000)]

Other Threads:
  0x00000000149e7800 VMThread [stack: 0x0000000015a70000,0x0000000015b70000] [id=7016]
  0x000000001638b000 WatcherThread [stack: 0x0000000016850000,0x0000000016950000] [id=41736]

VM state:not at safepoint (normal execution)

VM Mutex/Monitor currently owned by a thread: None

Heap:
 PSYoungGen      total 16896K, used 12004K [0x00000000eb400000, 0x00000000ec580000, 0x0000000100000000)
  eden space 16384K, 72% used [0x00000000eb400000,0x00000000ebfa9098,0x00000000ec400000)
  from space 512K, 12% used [0x00000000ec480000,0x00000000ec490000,0x00000000ec500000)
  to   space 512K, 0% used [0x00000000ec500000,0x00000000ec500000,0x00000000ec580000)
 ParOldGen       total 44032K, used 12071K [0x00000000c1c00000, 0x00000000c4700000, 0x00000000eb400000)
  object space 44032K, 27% used [0x00000000c1c00000,0x00000000c27c9c60,0x00000000c4700000)
 Metaspace       used 14746K, capacity 15468K, committed 15744K, reserved 1062912K
  class space    used 1944K, capacity 2155K, committed 2176K, reserved 1048576K

Card table byte_map: [0x0000000011810000,0x0000000011a10000] byte_map_base: 0x0000000011202000

Marking Bits: (ParMarkBitMap*) 0x00000000625a64f0
 Begin Bits: [0x0000000011f60000, 0x0000000012ef0000)
 End Bits:   [0x0000000012ef0000, 0x0000000013e80000)

Polling page: 0x0000000000440000

CodeCache: size=245760Kb used=7798Kb max_used=8343Kb free=237961Kb
 bounds [0x0000000002450000, 0x0000000002cb0000, 0x0000000011450000]
 total_blobs=3020 nmethods=2370 adapters=562
 compilation: enabled

Compilation events (10 events):
Event: 422.096 Thread 0x0000000014a27000 nmethod 2782 0x00000000029e1f10 code [0x00000000029e21e0, 0x00000000029e30b8]
Event: 422.240 Thread 0x0000000014a27000 2783       1       javafx.scene.Scene::getStylesheets (5 bytes)
Event: 422.241 Thread 0x0000000014a27000 nmethod 2783 0x00000000029f7390 code [0x00000000029f74e0, 0x00000000029f75f0]
Event: 422.402 Thread 0x0000000014a27000 2784       3       com.sun.javafx.binding.ExpressionHelper::addListener (46 bytes)
Event: 422.406 Thread 0x0000000014a27000 nmethod 2784 0x0000000002989210 code [0x00000000029893e0, 0x0000000002989b08]
Event: 422.442 Thread 0x0000000014a1c800 2785 %     4       Mountain::drawImpact @ 17 (307 bytes)
Event: 422.486 Thread 0x0000000014a27000 2786       3       javafx.beans.binding.BooleanExpression::getValue (8 bytes)
Event: 422.488 Thread 0x0000000014a27000 nmethod 2786 0x00000000029a5e90 code [0x00000000029a6000, 0x00000000029a62c8]
Event: 422.490 Thread 0x0000000014a20800 2787       4       javafx.scene.Parent::updateCachedBounds (502 bytes)
Event: 422.563 Thread 0x0000000014a20800 nmethod 2787 0x00000000028e0090 code [0x00000000028e02a0, 0x00000000028e1530]

GC Heap History (10 events):
Event: 392.265 GC heap before
{Heap before GC invocations=59 (full 0):
 PSYoungGen      total 16896K, used 16480K [0x00000000eb400000, 0x00000000ec580000, 0x0000000100000000)
  eden space 16384K, 100% used [0x00000000eb400000,0x00000000ec400000,0x00000000ec400000)
  from space 512K, 18% used [0x00000000ec500000,0x00000000ec518000,0x00000000ec580000)
  to   space 512K, 0% used [0x00000000ec480000,0x00000000ec480000,0x00000000ec500000)
 ParOldGen       total 44032K, used 12023K [0x00000000c1c00000, 0x00000000c4700000, 0x00000000eb400000)
  object space 44032K, 27% used [0x00000000c1c00000,0x00000000c27bdc60,0x00000000c4700000)
 Metaspace       used 14739K, capacity 15468K, committed 15744K, reserved 1062912K
  class space    used 1944K, capacity 2155K, committed 2176K, reserved 1048576K
Event: 392.267 GC heap after
Heap after GC invocations=59 (full 0):
 PSYoungGen      total 16896K, used 64K [0x00000000eb400000, 0x00000000ec580000, 0x0000000100000000)
  eden space 16384K, 0% used [0x00000000eb400000,0x00000000eb400000,0x00000000ec400000)
  from space 512K, 12% used [0x00000000ec480000,0x00000000ec490000,0x00000000ec500000)
  to   space 512K, 0% used [0x00000000ec500000,0x00000000ec500000,0x00000000ec580000)
 ParOldGen       total 44032K, used 12039K [0x00000000c1c00000, 0x00000000c4700000, 0x00000000eb400000)
  object space 44032K, 27% used [0x00000000c1c00000,0x00000000c27c1c60,0x00000000c4700000)
 Metaspace       used 14739K, capacity 15468K, committed 15744K, reserved 1062912K
  class space    used 1944K, capacity 2155K, committed 2176K, reserved 1048576K
}
Event: 398.761 GC heap before
{Heap before GC invocations=60 (full 0):
 PSYoungGen      total 16896K, used 16448K [0x00000000eb400000, 0x00000000ec580000, 0x0000000100000000)
  eden space 16384K, 100% used [0x00000000eb400000,0x00000000ec400000,0x00000000ec400000)
  from space 512K, 12% used [0x00000000ec480000,0x00000000ec490000,0x00000000ec500000)
  to   space 512K, 0% used [0x00000000ec500000,0x00000000ec500000,0x00000000ec580000)
 ParOldGen       total 44032K, used 12039K [0x00000000c1c00000, 0x00000000c4700000, 0x00000000eb400000)
  object space 44032K, 27% used [0x00000000c1c00000,0x00000000c27c1c60,0x00000000c4700000)
 Metaspace       used 14739K, capacity 15468K, committed 15744K, reserved 1062912K
  class space    used 1944K, capacity 2155K, committed 2176K, reserved 1048576K
Event: 398.763 GC heap after
Heap after GC invocations=60 (full 0):
 PSYoungGen      total 16896K, used 96K [0x00000000eb400000, 0x00000000ec580000, 0x0000000100000000)
  eden space 16384K, 0% used [0x00000000eb400000,0x00000000eb400000,0x00000000ec400000)
  from space 512K, 18% used [0x00000000ec500000,0x00000000ec518000,0x00000000ec580000)
  to   space 512K, 0% used [0x00000000ec480000,0x00000000ec480000,0x00000000ec500000)
 ParOldGen       total 44032K, used 12047K [0x00000000c1c00000, 0x00000000c4700000, 0x00000000eb400000)
  object space 44032K, 27% used [0x00000000c1c00000,0x00000000c27c3c60,0x00000000c4700000)
 Metaspace       used 14739K, capacity 15468K, committed 15744K, reserved 1062912K
  class space    used 1944K, capacity 2155K, committed 2176K, reserved 1048576K
}
Event: 405.218 GC heap before
{Heap before GC invocations=61 (full 0):
 PSYoungGen      total 16896K, used 16480K [0x00000000eb400000, 0x00000000ec580000, 0x0000000100000000)
  eden space 16384K, 100% used [0x00000000eb400000,0x00000000ec400000,0x00000000ec400000)
  from space 512K, 18% used [0x00000000ec500000,0x00000000ec518000,0x00000000ec580000)
  to   space 512K, 0% used [0x00000000ec480000,0x00000000ec480000,0x00000000ec500000)
 ParOldGen       total 44032K, used 12047K [0x00000000c1c00000, 0x00000000c4700000, 0x00000000eb400000)
  object space 44032K, 27% used [0x00000000c1c00000,0x00000000c27c3c60,0x00000000c4700000)
 Metaspace       used 14739K, capacity 15468K, committed 15744K, reserved 1062912K
  class space    used 1944K, capacity 2155K, committed 2176K, reserved 1048576K
Event: 405.221 GC heap after
Heap after GC invocations=61 (full 0):
 PSYoungGen      total 16896K, used 96K [0x00000000eb400000, 0x00000000ec580000, 0x0000000100000000)
  eden space 16384K, 0% used [0x00000000eb400000,0x00000000eb400000,0x00000000ec400000)
  from space 512K, 18% used [0x00000000ec480000,0x00000000ec498000,0x00000000ec500000)
  to   space 512K, 0% used [0x00000000ec500000,0x00000000ec500000,0x00000000ec580000)
 ParOldGen       total 44032K, used 12047K [0x00000000c1c00000, 0x00000000c4700000, 0x00000000eb400000)
  object space 44032K, 27% used [0x00000000c1c00000,0x00000000c27c3c60,0x00000000c4700000)
 Metaspace       used 14739K, capacity 15468K, committed 15744K, reserved 1062912K
  class space    used 1944K, capacity 2155K, committed 2176K, reserved 1048576K
}
Event: 411.674 GC heap before
{Heap before GC invocations=62 (full 0):
 PSYoungGen      total 16896K, used 16480K [0x00000000eb400000, 0x00000000ec580000, 0x0000000100000000)
  eden space 16384K, 100% used [0x00000000eb400000,0x00000000ec400000,0x00000000ec400000)
  from space 512K, 18% used [0x00000000ec480000,0x00000000ec498000,0x00000000ec500000)
  to   space 512K, 0% used [0x00000000ec500000,0x00000000ec500000,0x00000000ec580000)
 ParOldGen       total 44032K, used 12047K [0x00000000c1c00000, 0x00000000c4700000, 0x00000000eb400000)
  object space 44032K, 27% used [0x00000000c1c00000,0x00000000c27c3c60,0x00000000c4700000)
 Metaspace       used 14739K, capacity 15468K, committed 15744K, reserved 1062912K
  class space    used 1944K, capacity 2155K, committed 2176K, reserved 1048576K
Event: 411.675 GC heap after
Heap after GC invocations=62 (full 0):
 PSYoungGen      total 16896K, used 96K [0x00000000eb400000, 0x00000000ec580000, 0x0000000100000000)
  eden space 16384K, 0% used [0x00000000eb400000,0x00000000eb400000,0x00000000ec400000)
  from space 512K, 18% used [0x00000000ec500000,0x00000000ec518000,0x00000000ec580000)
  to   space 512K, 0% used [0x00000000ec480000,0x00000000ec480000,0x00000000ec500000)
 ParOldGen       total 44032K, used 12071K [0x00000000c1c00000, 0x00000000c4700000, 0x00000000eb400000)
  object space 44032K, 27% used [0x00000000c1c00000,0x00000000c27c9c60,0x00000000c4700000)
 Metaspace       used 14739K, capacity 15468K, committed 15744K, reserved 1062912K
  class space    used 1944K, capacity 2155K, committed 2176K, reserved 1048576K
}
Event: 418.167 GC heap before
{Heap before GC invocations=63 (full 0):
 PSYoungGen      total 16896K, used 16480K [0x00000000eb400000, 0x00000000ec580000, 0x0000000100000000)
  eden space 16384K, 100% used [0x00000000eb400000,0x00000000ec400000,0x00000000ec400000)
  from space 512K, 18% used [0x00000000ec500000,0x00000000ec518000,0x00000000ec580000)
  to   space 512K, 0% used [0x00000000ec480000,0x00000000ec480000,0x00000000ec500000)
 ParOldGen       total 44032K, used 12071K [0x00000000c1c00000, 0x00000000c4700000, 0x00000000eb400000)
  object space 44032K, 27% used [0x00000000c1c00000,0x00000000c27c9c60,0x00000000c4700000)
 Metaspace       used 14739K, capacity 15468K, committed 15744K, reserved 1062912K
  class space    used 1944K, capacity 2155K, committed 2176K, reserved 1048576K
Event: 418.171 GC heap after
Heap after GC invocations=63 (full 0):
 PSYoungGen      total 16896K, used 64K [0x00000000eb400000, 0x00000000ec580000, 0x0000000100000000)
  eden space 16384K, 0% used [0x00000000eb400000,0x00000000eb400000,0x00000000ec400000)
  from space 512K, 12% used [0x00000000ec480000,0x00000000ec490000,0x00000000ec500000)
  to   space 512K, 0% used [0x00000000ec500000,0x00000000ec500000,0x00000000ec580000)
 ParOldGen       total 44032K, used 12071K [0x00000000c1c00000, 0x00000000c4700000, 0x00000000eb400000)
  object space 44032K, 27% used [0x00000000c1c00000,0x00000000c27c9c60,0x00000000c4700000)
 Metaspace       used 14739K, capacity 15468K, committed 15744K, reserved 1062912K
  class space    used 1944K, capacity 2155K, committed 2176K, reserved 1048576K
}

Deoptimization events (10 events):
Event: 378.771 Thread 0x00000000166c5800 Uncommon trap: reason=unstable_if action=reinterpret pc=0x0000000002c0bbe8 method=com.sun.javafx.geom.transform.AffineBase.updateState2D()V @ 24
Event: 378.772 Thread 0x00000000166c5800 Uncommon trap: reason=unstable_if action=reinterpret pc=0x0000000002bacb8c method=com.sun.javafx.geom.transform.AffineBase.updateState2D()V @ 24
Event: 421.554 Thread 0x000000001670b000 Uncommon trap: reason=unstable_if action=reinterpret pc=0x00000000029562a8 method=javafx.scene.Parent.recomputeBounds()V @ 130
Event: 421.554 Thread 0x000000001670b000 Uncommon trap: reason=class_check action=maybe_recompile pc=0x0000000002944ef8 method=javafx.scene.Parent.updateCachedBounds(Ljava/util/List;I)Z @ 203
Event: 421.560 Thread 0x000000001670b000 Uncommon trap: reason=unstable_if action=reinterpret pc=0x0000000002bea89c method=javafx.scene.Parent.setChildDirty(Ljavafx/scene/Node;Z)V @ 22
Event: 421.561 Thread 0x000000001670b000 Uncommon trap: reason=unstable_if action=reinterpret pc=0x00000000025dbb4c method=javafx.scene.Parent.recomputeBounds()V @ 130
Event: 421.561 Thread 0x000000001670b000 Uncommon trap: reason=class_check action=maybe_recompile pc=0x0000000002944ef8 method=javafx.scene.Parent.updateCachedBounds(Ljava/util/List;I)Z @ 203
Event: 421.576 Thread 0x000000001670b000 Uncommon trap: reason=class_check action=maybe_recompile pc=0x0000000002944ef8 method=javafx.scene.Parent.updateCachedBounds(Ljava/util/List;I)Z @ 203
Event: 421.595 Thread 0x000000001670b000 Uncommon trap: reason=class_check action=maybe_recompile pc=0x0000000002944ef8 method=javafx.scene.Parent.updateCachedBounds(Ljava/util/List;I)Z @ 203
Event: 422.057 Thread 0x000000001670b000 Uncommon trap: reason=unstable_if action=reinterpret pc=0x00000000028dcf50 method=Mountain.drawImpact(DDLjavafx/scene/canvas/GraphicsContext;)V @ 176

Internal exceptions (10 events):
Event: 0.337 Thread 0x0000000002350800 Exception <a 'java/security/PrivilegedActionException'> (0x00000000eb66edb0) thrown at [D:\re\workspace\8-2-build-windows-amd64-cygwin\jdk8u92\6642\hotspot\src\share\vm\prims\jvm.cpp, line 1386]
Event: 0.337 Thread 0x0000000002350800 Exception <a 'java/security/PrivilegedActionException'> (0x00000000eb66efc0) thrown at [D:\re\workspace\8-2-build-windows-amd64-cygwin\jdk8u92\6642\hotspot\src\share\vm\prims\jvm.cpp, line 1386]
Event: 0.340 Thread 0x0000000002350800 Exception <a 'java/security/PrivilegedActionException'> (0x00000000eb672e08) thrown at [D:\re\workspace\8-2-build-windows-amd64-cygwin\jdk8u92\6642\hotspot\src\share\vm\prims\jvm.cpp, line 1386]
Event: 0.340 Thread 0x0000000002350800 Exception <a 'java/security/PrivilegedActionException'> (0x00000000eb673018) thrown at [D:\re\workspace\8-2-build-windows-amd64-cygwin\jdk8u92\6642\hotspot\src\share\vm\prims\jvm.cpp, line 1386]
Event: 0.341 Thread 0x0000000002350800 Exception <a 'java/lang/NullPointerException'> (0x00000000eb6735f0) thrown at [D:\re\workspace\8-2-build-windows-amd64-cygwin\jdk8u92\6642\hotspot\src\share\vm\interpreter\linkResolver.cpp, line 1178]
Event: 0.827 Thread 0x000000001670b000 Exception <a 'java/lang/NullPointerException'> (0x00000000ebddf6b0) thrown at [D:\re\workspace\8-2-build-windows-amd64-cygwin\jdk8u92\6642\hotspot\src\share\vm\interpreter\linkResolver.cpp, line 1178]
Event: 0.827 Thread 0x000000001670b000 Exception <a 'java/lang/NullPointerException'> (0x00000000ebddf6b0) thrown at [D:\re\workspace\8-2-build-windows-amd64-cygwin\jdk8u92\6642\hotspot\src\share\vm\prims\jvm.cpp, line 1390]
Event: 1.228 Thread 0x000000001670b000 Implicit null exception at 0x000000000269ecb5 to 0x000000000269ee85
Event: 11.439 Thread 0x000000001670b000 Implicit null exception at 0x0000000002a9e983 to 0x0000000002a9fed1
Event: 293.176 Thread 0x00000000166c5800 Implicit null exception at 0x0000000002670d1e to 0x0000000002671661

Events (10 events):
Event: 422.058 Thread 0x000000001670b000 DEOPT PACKING pc=0x00000000028dcf50 sp=0x0000000016d6e1d0
Event: 422.058 Thread 0x000000001670b000 DEOPT UNPACKING pc=0x000000000249582a sp=0x0000000016d6e1a0 mode 2
Event: 422.201 Thread 0x000000001670b000 DEOPT PACKING pc=0x00000000029e2e93 sp=0x0000000016d6e140
Event: 422.201 Thread 0x000000001670b000 DEOPT UNPACKING pc=0x000000000249787f sp=0x0000000016d6df18 mode 0
Event: 422.328 Thread 0x000000001670b000 DEOPT PACKING pc=0x00000000029e2e93 sp=0x0000000016d6e140
Event: 422.328 Thread 0x000000001670b000 DEOPT UNPACKING pc=0x000000000249787f sp=0x0000000016d6df18 mode 0
Event: 422.377 Thread 0x000000001670b000 DEOPT PACKING pc=0x00000000029e2e93 sp=0x0000000016d6e140
Event: 422.377 Thread 0x000000001670b000 DEOPT UNPACKING pc=0x000000000249787f sp=0x0000000016d6df18 mode 0
Event: 422.505 Thread 0x000000001670b000 DEOPT PACKING pc=0x00000000029e2e93 sp=0x0000000016d6e140
Event: 422.505 Thread 0x000000001670b000 DEOPT UNPACKING pc=0x000000000249787f sp=0x0000000016d6df18 mode 0


Dynamic libraries:
0x00007ff7481a0000 - 0x00007ff7481d7000 	C:\Program Files\Java\jdk1.8.0_92\jre\bin\java.exe
0x00007ffb9a0e0000 - 0x00007ffb9a2a1000 	C:\WINDOWS\SYSTEM32\ntdll.dll
0x00007ffb99bc0000 - 0x00007ffb99c6d000 	C:\WINDOWS\system32\KERNEL32.DLL
0x00007ffb96790000 - 0x00007ffb96978000 	C:\WINDOWS\system32\KERNELBASE.dll
0x00007ffb98d50000 - 0x00007ffb98df7000 	C:\WINDOWS\system32\ADVAPI32.dll
0x00007ffb99900000 - 0x00007ffb9999d000 	C:\WINDOWS\system32\msvcrt.dll
0x00007ffb99c70000 - 0x00007ffb99ccb000 	C:\WINDOWS\system32\sechost.dll
0x00007ffb98e60000 - 0x00007ffb98f7c000 	C:\WINDOWS\system32\RPCRT4.dll
0x00007ffb99f80000 - 0x00007ffb9a0d6000 	C:\WINDOWS\system32\USER32.dll
0x00007ffb99df0000 - 0x00007ffb99f76000 	C:\WINDOWS\system32\GDI32.dll
0x00007ffb88450000 - 0x00007ffb886c4000 	C:\WINDOWS\WinSxS\amd64_microsoft.windows.common-controls_6595b64144ccf1df_6.0.10586.0_none_8c15ae12515e1c22\COMCTL32.dll
0x00007ffb99250000 - 0x00007ffb994cd000 	C:\WINDOWS\system32\combase.dll
0x00007ffb96a90000 - 0x00007ffb96afa000 	C:\WINDOWS\system32\bcryptPrimitives.dll
0x00007ffb97510000 - 0x00007ffb9754b000 	C:\WINDOWS\system32\IMM32.DLL
0x0000000061cb0000 - 0x0000000061d82000 	C:\Program Files\Java\jdk1.8.0_92\jre\bin\msvcr100.dll
0x0000000061d90000 - 0x0000000062626000 	C:\Program Files\Java\jdk1.8.0_92\jre\bin\server\jvm.dll
0x00007ffb97500000 - 0x00007ffb97508000 	C:\WINDOWS\system32\PSAPI.DLL
0x00007ffb91ca0000 - 0x00007ffb91ca9000 	C:\WINDOWS\SYSTEM32\WSOCK32.dll
0x00007ffb94560000 - 0x00007ffb94583000 	C:\WINDOWS\SYSTEM32\WINMM.dll
0x00007ffb91cb0000 - 0x00007ffb91cba000 	C:\WINDOWS\SYSTEM32\VERSION.dll
0x00007ffb99d80000 - 0x00007ffb99deb000 	C:\WINDOWS\system32\WS2_32.dll
0x00007ffb943b0000 - 0x00007ffb943dc000 	C:\WINDOWS\SYSTEM32\WINMMBASE.dll
0x00007ffb96a40000 - 0x00007ffb96a83000 	C:\WINDOWS\system32\cfgmgr32.dll
0x0000000061c60000 - 0x0000000061c6f000 	C:\Program Files\Java\jdk1.8.0_92\jre\bin\verify.dll
0x0000000061c30000 - 0x0000000061c59000 	C:\Program Files\Java\jdk1.8.0_92\jre\bin\java.dll
0x0000000061c10000 - 0x0000000061c26000 	C:\Program Files\Java\jdk1.8.0_92\jre\bin\zip.dll
0x00007ffb97690000 - 0x00007ffb98bec000 	C:\WINDOWS\system32\SHELL32.dll
0x00007ffb96bb0000 - 0x00007ffb971f4000 	C:\WINDOWS\system32\windows.storage.dll
0x00007ffb98e00000 - 0x00007ffb98e52000 	C:\WINDOWS\system32\shlwapi.dll
0x00007ffb96780000 - 0x00007ffb9678f000 	C:\WINDOWS\system32\kernel.appcore.dll
0x00007ffb96980000 - 0x00007ffb96a35000 	C:\WINDOWS\system32\shcore.dll
0x00007ffb96710000 - 0x00007ffb9675b000 	C:\WINDOWS\system32\powrprof.dll
0x00007ffb96760000 - 0x00007ffb96774000 	C:\WINDOWS\system32\profapi.dll
0x00007ffb781a0000 - 0x00007ffb7828f000 	C:\Program Files\Java\jdk1.8.0_92\jre\bin\msvcr120.dll
0x00007ffb76690000 - 0x00007ffb76736000 	C:\Program Files\Java\jdk1.8.0_92\jre\bin\msvcp120.dll
0x00000000614a0000 - 0x00000000614c2000 	C:\Program Files\Java\jdk1.8.0_92\jre\bin\prism_d3d.dll
0x00007ffb8fcb0000 - 0x00007ffb8fec0000 	C:\WINDOWS\system32\d3d9.dll
0x00007ffb92810000 - 0x00007ffb92832000 	C:\WINDOWS\SYSTEM32\dwmapi.dll
0x00007ffb95160000 - 0x00007ffb951f6000 	C:\WINDOWS\system32\uxtheme.dll
0x00007ffb5ab50000 - 0x00007ffb5ce34000 	C:\WINDOWS\SYSTEM32\igdumdim64.dll
0x00007ffb994d0000 - 0x00007ffb998f9000 	C:\WINDOWS\system32\SETUPAPI.dll
0x00007ffb97550000 - 0x00007ffb97611000 	C:\WINDOWS\system32\OLEAUT32.dll
0x00007ffb98bf0000 - 0x00007ffb98d33000 	C:\WINDOWS\system32\ole32.dll
0x0000000061450000 - 0x0000000061493000 	C:\Program Files\Java\jdk1.8.0_92\jre\bin\glass.dll
0x00007ffb98f80000 - 0x00007ffb9908b000 	C:\WINDOWS\system32\COMDLG32.dll
0x00007ffb97450000 - 0x00007ffb974d6000 	C:\WINDOWS\system32\FirewallAPI.dll
0x00007ffb97200000 - 0x00007ffb97217000 	C:\WINDOWS\system32\NETAPI32.dll
0x00007ffb94480000 - 0x00007ffb9448c000 	C:\WINDOWS\SYSTEM32\DAVHLPR.DLL
0x00007ffb954b0000 - 0x00007ffb954e2000 	C:\WINDOWS\SYSTEM32\fwbase.dll
0x00007ffb99090000 - 0x00007ffb991ea000 	C:\WINDOWS\system32\MSCTF.dll
0x00007ffb8ff80000 - 0x00007ffb90982000 	C:\WINDOWS\SYSTEM32\igdusc64.dll
0x0000000061430000 - 0x0000000061444000 	C:\Program Files\Java\jdk1.8.0_92\jre\bin\javafx_font.dll
0x00007ffb85c40000 - 0x00007ffb85ea0000 	C:\WINDOWS\SYSTEM32\dwrite.dll
0x00007ffb99cd0000 - 0x00007ffb99d77000 	C:\WINDOWS\system32\clbcatq.dll
0x00007ffb90e20000 - 0x00007ffb90fd1000 	C:\WINDOWS\SYSTEM32\WindowsCodecs.dll
0x00007ffb87110000 - 0x00007ffb8715a000 	C:\WINDOWS\system32\dataexchange.dll
0x00007ffb93c20000 - 0x00007ffb93d03000 	C:\WINDOWS\system32\dcomp.dll
0x00007ffb92350000 - 0x00007ffb925f8000 	C:\WINDOWS\system32\d3d11.dll
0x00007ffb920d0000 - 0x00007ffb92172000 	C:\WINDOWS\system32\dxgi.dll
0x00007ffb95200000 - 0x00007ffb95300000 	C:\WINDOWS\system32\twinapi.appcore.dll
0x00007ffb96630000 - 0x00007ffb96659000 	C:\WINDOWS\system32\bcrypt.dll
0x00007ffb7f510000 - 0x00007ffb7f544000 	C:\Program Files\Common Files\Microsoft Shared\Ink\rtscom.dll
0x0000000061400000 - 0x0000000061423000 	C:\Program Files\Java\jdk1.8.0_92\jre\bin\javafx_iio.dll
0x00000000613e0000 - 0x00000000613f1000 	C:\Program Files\Java\jdk1.8.0_92\jre\bin\prism_common.dll
0x00007ffb917d0000 - 0x00007ffb9195c000 	C:\WINDOWS\SYSTEM32\dbghelp.dll

VM Arguments:
jvm_args: -Dfile.encoding=UTF-8 
java_command: D:\NetbeansProject\gamewithhomepage\dist\run788679424\TermProject.jar
java_class_path (initial): D:\NetbeansProject\gamewithhomepage\dist\run788679424\TermProject.jar
Launcher Type: SUN_STANDARD

Environment Variables:
PATH=C:\ProgramData\Oracle\Java\javapath;C:\Program Files (x86)\Intel\iCLS Client\;C:\Program Files\Intel\iCLS Client\;D:\Python3.5\Scripts\;D:\Python3.5\;C:\WINDOWS\system32;C:\WINDOWS;C:\WINDOWS\System32\Wbem;C:\WINDOWS\System32\WindowsPowerShell\v1.0\;C:\Program Files (x86)\Microsoft SQL Server\100\Tools\Binn\;C:\Program Files\Microsoft SQL Server\100\Tools\Binn\;C:\Program Files\Microsoft SQL Server\100\DTS\Binn\;C:\WINDOWS\system32\config\systemprofile\.dnx\bin;C:\Program Files\Microsoft DNX\Dnvm\;C:\Program Files\Microsoft SQL Server\120\Tools\Binn\;C:\Program Files (x86)\Windows Kits\10\Windows Performance Toolkit\;C:\Program Files (x86)\nodejs\;C:\Program Files (x86)\Intel\Intel(R) Management Engine Components\DAL;C:\Program Files\Intel\Intel(R) Management Engine Components\DAL;C:\Program Files (x86)\Intel\Intel(R) Management Engine Components\IPT;C:\Program Files\Intel\Intel(R) Management Engine Components\IPT;C:\Users\RifatRubayatul\AppData\Roaming\npm
USERNAME=RifatRubayatul
OS=Windows_NT
PROCESSOR_IDENTIFIER=Intel64 Family 6 Model 60 Stepping 3, GenuineIntel



---------------  S Y S T E M  ---------------

OS: Windows 10.0 , 64 bit Build 10586 (10.0.10586.0)

CPU:total 4 (2 cores per cpu, 2 threads per core) family 6 model 60 stepping 3, cmov, cx8, fxsr, mmx, sse, sse2, sse3, ssse3, sse4.1, sse4.2, popcnt, avx, avx2, aes, clmul, erms, lzcnt, ht, tsc, tscinvbit, bmi1, bmi2

Memory: 4k page, physical 4072556k(866276k free), swap 6485364k(1094636k free)

vm_info: Java HotSpot(TM) 64-Bit Server VM (25.92-b14) for windows-amd64 JRE (1.8.0_92-b14), built on Mar 31 2016 21:03:04 by "java_re" with MS VC++ 10.0 (VS2010)

time: Sun Jun 05 20:06:05 2016
elapsed time: 422 seconds (0d 0h 7m 2s)

