#
# A fatal error has been detected by the Java Runtime Environment:
#
#  EXCEPTION_ACCESS_VIOLATION (0xc0000005) at pc=0x000000006224884b, pid=36600, tid=0x00000000000091b4
#
# JRE version: Java(TM) SE Runtime Environment (8.0_92-b14) (build 1.8.0_92-b14)
# Java VM: Java HotSpot(TM) 64-Bit Server VM (25.92-b14 mixed mode windows-amd64 compressed oops)
# Problematic frame:
# V  [jvm.dll+0x4b884b]
#
# Failed to write core dump. Minidumps are not enabled by default on client versions of Windows
#
# If you would like to submit a bug report, please visit:
#   http://bugreport.java.com/bugreport/crash.jsp
#

---------------  T H R E A D  ---------------

Current thread (0x0000000014a2c800):  JavaThread "C2 CompilerThread0" daemon [_thread_in_native, id=37300, stack(0x0000000016060000,0x0000000016160000)]

siginfo: ExceptionCode=0xc0000005, reading address 0x000000000000002c

Registers:
RAX=0x000000001638d3f0, RBX=0x000000001b68ffa8, RCX=0x00000000000001ff, RDX=0x00000000166000e0
RSP=0x000000001615ba90, RBP=0x0000000016600268, RSI=0x0000000000000000, RDI=0x0000000000000000
R8 =0x0000000000000002, R9 =0x0000000014a61900, R10=0x000000001b693540, R11=0x0000000000004000
R12=0x00000000166002b0, R13=0x000000001615c000, R14=0x00000000000001ff, R15=0x0000000000000003
RIP=0x000000006224884b, EFLAGS=0x0000000000010246

Top of Stack: (sp=0x000000001615ba90)
0x000000001615ba90:   0000000014a60f20 0000000000000000
0x000000001615baa0:   000000001646f530 0000000000000100
0x000000001615bab0:   000000001615bbd8 0000000062248c2a
0x000000001615bac0:   000000001b68ffa8 0000000016600268
0x000000001615bad0:   000000001615c000 000000006227f9fa
0x000000001615bae0:   0000000000000002 00000000165ff6a0
0x000000001615baf0:   000000001615bc28 000000001615bbb8
0x000000001615bb00:   000000000000062c 000000006224de18
0x000000001615bb10:   000000001615c000 00000000165ff6a0
0x000000001615bb20:   000000001615c020 000000001615bbd8
0x000000001615bb30:   0000000014a71640 00000000149f6820
0x000000001615bb40:   0000000000000004 0000000000000002
0x000000001615bb50:   000000001b4ed640 0000000016452e10
0x000000001615bb60:   00000000149f6820 000000001615c000
0x000000001615bb70:   000000001615bc80 000000006224fdab
0x000000001615bb80:   000000001615c000 000000001615bbd8 

Instructions: (pc=0x000000006224884b)
0x000000006224882b:   10 83 78 18 03 75 0a 48 8b 40 08 48 8b 40 08 eb
0x000000006224883b:   03 48 8b c7 48 8b 40 08 b9 ff 01 00 00 48 8b 30
0x000000006224884b:   0f b7 46 2c 66 23 c1 b9 60 01 00 00 66 3b c1 75
0x000000006224885b:   48 48 8b 46 08 48 8b 40 10 48 85 c0 74 23 48 8b 


Register to memory mapping:

RAX=0x000000001638d3f0 is an unknown value
RBX=0x000000001b68ffa8 is an unknown value
RCX=0x00000000000001ff is an unknown value
RDX=0x00000000166000e0 is an unknown value
RSP=0x000000001615ba90 is pointing into the stack for thread: 0x0000000014a2c800
RBP=0x0000000016600268 is an unknown value
RSI=0x0000000000000000 is an unknown value
RDI=0x0000000000000000 is an unknown value
R8 =0x0000000000000002 is an unknown value
R9 =0x0000000014a61900 is an unknown value
R10=0x000000001b693540 is an unknown value
R11=0x0000000000004000 is an unknown value
R12=0x00000000166002b0 is an unknown value
R13=0x000000001615c000 is pointing into the stack for thread: 0x0000000014a2c800
R14=0x00000000000001ff is an unknown value
R15=0x0000000000000003 is an unknown value


Stack: [0x0000000016060000,0x0000000016160000],  sp=0x000000001615ba90,  free space=1006k
Native frames: (J=compiled Java code, j=interpreted, Vv=VM code, C=native code)
V  [jvm.dll+0x4b884b]
V  [jvm.dll+0x4b8c2a]
V  [jvm.dll+0x4bde18]
V  [jvm.dll+0x4bfdab]
V  [jvm.dll+0x471e35]
V  [jvm.dll+0x472b94]
V  [jvm.dll+0x455b42]
V  [jvm.dll+0xa50a2]
V  [jvm.dll+0xa59df]
V  [jvm.dll+0x244314]
V  [jvm.dll+0x29b34a]
C  [msvcr100.dll+0x21d9f]
C  [msvcr100.dll+0x21e3b]
C  [KERNEL32.DLL+0x18102]
C  [ntdll.dll+0x5c5b4]


Current CompileTask:
C2:  27555 2388 %     4       Mountain::drawImpact @ 17 (307 bytes)


---------------  P R O C E S S  ---------------

Java Threads: ( => current thread )
  0x000000001b716800 JavaThread "Prism Font Disposer" daemon [_thread_blocked, id=42532, stack(0x000000001efe0000,0x000000001f0e0000)]
  0x000000001b369800 JavaThread "Thread-3" daemon [_thread_in_native, id=39804, stack(0x000000001bac0000,0x000000001bbc0000)]
  0x000000001b32c000 JavaThread "JavaFX-Launcher" [_thread_blocked, id=40944, stack(0x000000001bbc0000,0x000000001bcc0000)]
  0x0000000016746000 JavaThread "JavaFX Application Thread" [_thread_blocked, id=42092, stack(0x0000000016c20000,0x0000000016d20000)]
  0x000000001673a800 JavaThread "Thread-1" daemon [_thread_blocked, id=41424, stack(0x0000000016b20000,0x0000000016c20000)]
  0x000000001671b000 JavaThread "QuantumRenderer-0" daemon [_thread_in_native, id=37880, stack(0x0000000016960000,0x0000000016a60000)]
  0x0000000016390800 JavaThread "Service Thread" daemon [_thread_blocked, id=41548, stack(0x0000000016760000,0x0000000016860000)]
  0x0000000014a33800 JavaThread "C1 CompilerThread2" daemon [_thread_blocked, id=40596, stack(0x0000000016260000,0x0000000016360000)]
  0x0000000014a30800 JavaThread "C2 CompilerThread1" daemon [_thread_blocked, id=21160, stack(0x0000000016160000,0x0000000016260000)]
=>0x0000000014a2c800 JavaThread "C2 CompilerThread0" daemon [_thread_in_native, id=37300, stack(0x0000000016060000,0x0000000016160000)]
  0x0000000014a2b000 JavaThread "Attach Listener" daemon [_thread_blocked, id=6288, stack(0x0000000015f60000,0x0000000016060000)]
  0x0000000014a2a000 JavaThread "Signal Dispatcher" daemon [_thread_blocked, id=39272, stack(0x0000000015e60000,0x0000000015f60000)]
  0x0000000014a1a800 JavaThread "Finalizer" daemon [_thread_blocked, id=42588, stack(0x0000000015c80000,0x0000000015d80000)]
  0x000000000244f800 JavaThread "Reference Handler" daemon [_thread_blocked, id=40480, stack(0x0000000015b80000,0x0000000015c80000)]
  0x0000000002360800 JavaThread "main" [_thread_blocked, id=40048, stack(0x00000000021b0000,0x00000000022b0000)]

Other Threads:
  0x00000000149f7800 VMThread [stack: 0x0000000015a80000,0x0000000015b80000] [id=42436]
  0x00000000163b1800 WatcherThread [stack: 0x0000000016860000,0x0000000016960000] [id=16736]

VM state:not at safepoint (normal execution)

VM Mutex/Monitor currently owned by a thread: None

Heap:
 PSYoungGen      total 18944K, used 15584K [0x00000000eb400000, 0x00000000ec900000, 0x0000000100000000)
  eden space 16384K, 79% used [0x00000000eb400000,0x00000000ec0b9688,0x00000000ec400000)
  from space 2560K, 99% used [0x00000000ec680000,0x00000000ec8fec30,0x00000000ec900000)
  to   space 2560K, 0% used [0x00000000ec400000,0x00000000ec400000,0x00000000ec680000)
 ParOldGen       total 44032K, used 12777K [0x00000000c1c00000, 0x00000000c4700000, 0x00000000eb400000)
  object space 44032K, 29% used [0x00000000c1c00000,0x00000000c287a760,0x00000000c4700000)
 Metaspace       used 14638K, capacity 15320K, committed 15488K, reserved 1062912K
  class space    used 1943K, capacity 2155K, committed 2176K, reserved 1048576K

Card table byte_map: [0x0000000011820000,0x0000000011a20000] byte_map_base: 0x0000000011212000

Marking Bits: (ParMarkBitMap*) 0x00000000625a64f0
 Begin Bits: [0x0000000011f70000, 0x0000000012f00000)
 End Bits:   [0x0000000012f00000, 0x0000000013e90000)

Polling page: 0x0000000000440000

CodeCache: size=245760Kb used=7663Kb max_used=7671Kb free=238097Kb
 bounds [0x0000000002460000, 0x0000000002bf0000, 0x0000000011460000]
 total_blobs=3039 nmethods=2387 adapters=563
 compilation: enabled

Compilation events (10 events):
Event: 26.787 Thread 0x0000000014a30800 nmethod 2383 0x0000000002bd99d0 code [0x0000000002bd9b80, 0x0000000002bda2b8]
Event: 26.904 Thread 0x0000000014a2c800 2384       4       javafx.scene.layout.AnchorPane::computeChildWidth (61 bytes)
Event: 26.909 Thread 0x0000000014a2c800 nmethod 2384 0x0000000002bd1250 code [0x0000000002bd1400, 0x0000000002bd18b8]
Event: 27.244 Thread 0x0000000014a33800 2385       3       javafx.geometry.BoundingBox::<init> (18 bytes)
Event: 27.244 Thread 0x0000000014a33800 nmethod 2385 0x0000000002bd54d0 code [0x0000000002bd5640, 0x0000000002bd5808]
Event: 27.346 Thread 0x0000000014a30800 2386       4       com.sun.prism.impl.BaseTexture::unlock (8 bytes)
Event: 27.348 Thread 0x0000000014a30800 nmethod 2386 0x0000000002bd5210 code [0x0000000002bd5340, 0x0000000002bd53d8]
Event: 27.408 Thread 0x0000000014a33800 2387       3       com.sun.javafx.sg.prism.NGRegion::hasVisuals (26 bytes)
Event: 27.409 Thread 0x0000000014a33800 nmethod 2387 0x0000000002bc9e90 code [0x0000000002bca060, 0x0000000002bca858]
Event: 27.529 Thread 0x0000000014a2c800 2388 %     4       Mountain::drawImpact @ 17 (307 bytes)

GC Heap History (8 events):
Event: 0.450 GC heap before
{Heap before GC invocations=1 (full 0):
 PSYoungGen      total 18944K, used 16384K [0x00000000eb400000, 0x00000000ec900000, 0x0000000100000000)
  eden space 16384K, 100% used [0x00000000eb400000,0x00000000ec400000,0x00000000ec400000)
  from space 2560K, 0% used [0x00000000ec680000,0x00000000ec680000,0x00000000ec900000)
  to   space 2560K, 0% used [0x00000000ec400000,0x00000000ec400000,0x00000000ec680000)
 ParOldGen       total 44032K, used 0K [0x00000000c1c00000, 0x00000000c4700000, 0x00000000eb400000)
  object space 44032K, 0% used [0x00000000c1c00000,0x00000000c1c00000,0x00000000c4700000)
 Metaspace       used 9664K, capacity 10056K, committed 10368K, reserved 1058816K
  class space    used 1300K, capacity 1407K, committed 1408K, reserved 1048576K
Event: 0.454 GC heap after
Heap after GC invocations=1 (full 0):
 PSYoungGen      total 18944K, used 2549K [0x00000000eb400000, 0x00000000ec900000, 0x0000000100000000)
  eden space 16384K, 0% used [0x00000000eb400000,0x00000000eb400000,0x00000000ec400000)
  from space 2560K, 99% used [0x00000000ec400000,0x00000000ec67d450,0x00000000ec680000)
  to   space 2560K, 0% used [0x00000000ec680000,0x00000000ec680000,0x00000000ec900000)
 ParOldGen       total 44032K, used 252K [0x00000000c1c00000, 0x00000000c4700000, 0x00000000eb400000)
  object space 44032K, 0% used [0x00000000c1c00000,0x00000000c1c3f350,0x00000000c4700000)
 Metaspace       used 9664K, capacity 10056K, committed 10368K, reserved 1058816K
  class space    used 1300K, capacity 1407K, committed 1408K, reserved 1048576K
}
Event: 1.922 GC heap before
{Heap before GC invocations=2 (full 0):
 PSYoungGen      total 18944K, used 16895K [0x00000000eb400000, 0x00000000ec900000, 0x0000000100000000)
  eden space 16384K, 87% used [0x00000000eb400000,0x00000000ec202a98,0x00000000ec400000)
  from space 2560K, 99% used [0x00000000ec400000,0x00000000ec67d450,0x00000000ec680000)
  to   space 2560K, 0% used [0x00000000ec680000,0x00000000ec680000,0x00000000ec900000)
 ParOldGen       total 44032K, used 252K [0x00000000c1c00000, 0x00000000c4700000, 0x00000000eb400000)
  object space 44032K, 0% used [0x00000000c1c00000,0x00000000c1c3f350,0x00000000c4700000)
 Metaspace       used 13593K, capacity 14276K, committed 14464K, reserved 1060864K
  class space    used 1911K, capacity 2089K, committed 2176K, reserved 1048576K
Event: 1.928 GC heap after
Heap after GC invocations=2 (full 0):
 PSYoungGen      total 18944K, used 2528K [0x00000000eb400000, 0x00000000ec900000, 0x0000000100000000)
  eden space 16384K, 0% used [0x00000000eb400000,0x00000000eb400000,0x00000000ec400000)
  from space 2560K, 98% used [0x00000000ec680000,0x00000000ec8f8030,0x00000000ec900000)
  to   space 2560K, 0% used [0x00000000ec400000,0x00000000ec400000,0x00000000ec680000)
 ParOldGen       total 44032K, used 5612K [0x00000000c1c00000, 0x00000000c4700000, 0x00000000eb400000)
  object space 44032K, 12% used [0x00000000c1c00000,0x00000000c217b268,0x00000000c4700000)
 Metaspace       used 13593K, capacity 14276K, committed 14464K, reserved 1060864K
  class space    used 1911K, capacity 2089K, committed 2176K, reserved 1048576K
}
Event: 15.424 GC heap before
{Heap before GC invocations=3 (full 0):
 PSYoungGen      total 18944K, used 18912K [0x00000000eb400000, 0x00000000ec900000, 0x0000000100000000)
  eden space 16384K, 100% used [0x00000000eb400000,0x00000000ec400000,0x00000000ec400000)
  from space 2560K, 98% used [0x00000000ec680000,0x00000000ec8f8030,0x00000000ec900000)
  to   space 2560K, 0% used [0x00000000ec400000,0x00000000ec400000,0x00000000ec680000)
 ParOldGen       total 44032K, used 5612K [0x00000000c1c00000, 0x00000000c4700000, 0x00000000eb400000)
  object space 44032K, 12% used [0x00000000c1c00000,0x00000000c217b268,0x00000000c4700000)
 Metaspace       used 14582K, capacity 15256K, committed 15488K, reserved 1062912K
  class space    used 1942K, capacity 2155K, committed 2176K, reserved 1048576K
Event: 15.434 GC heap after
Heap after GC invocations=3 (full 0):
 PSYoungGen      total 18944K, used 2555K [0x00000000eb400000, 0x00000000ec900000, 0x0000000100000000)
  eden space 16384K, 0% used [0x00000000eb400000,0x00000000eb400000,0x00000000ec400000)
  from space 2560K, 99% used [0x00000000ec400000,0x00000000ec67ec30,0x00000000ec680000)
  to   space 2560K, 0% used [0x00000000ec680000,0x00000000ec680000,0x00000000ec900000)
 ParOldGen       total 44032K, used 12721K [0x00000000c1c00000, 0x00000000c4700000, 0x00000000eb400000)
  object space 44032K, 28% used [0x00000000c1c00000,0x00000000c286c750,0x00000000c4700000)
 Metaspace       used 14582K, capacity 15256K, committed 15488K, reserved 1062912K
  class space    used 1942K, capacity 2155K, committed 2176K, reserved 1048576K
}
Event: 22.192 GC heap before
{Heap before GC invocations=4 (full 0):
 PSYoungGen      total 18944K, used 18939K [0x00000000eb400000, 0x00000000ec900000, 0x0000000100000000)
  eden space 16384K, 100% used [0x00000000eb400000,0x00000000ec400000,0x00000000ec400000)
  from space 2560K, 99% used [0x00000000ec400000,0x00000000ec67ec30,0x00000000ec680000)
  to   space 2560K, 0% used [0x00000000ec680000,0x00000000ec680000,0x00000000ec900000)
 ParOldGen       total 44032K, used 12721K [0x00000000c1c00000, 0x00000000c4700000, 0x00000000eb400000)
  object space 44032K, 28% used [0x00000000c1c00000,0x00000000c286c750,0x00000000c4700000)
 Metaspace       used 14635K, capacity 15320K, committed 15488K, reserved 1062912K
  class space    used 1942K, capacity 2155K, committed 2176K, reserved 1048576K
Event: 22.202 GC heap after
Heap after GC invocations=4 (full 0):
 PSYoungGen      total 18944K, used 2555K [0x00000000eb400000, 0x00000000ec900000, 0x0000000100000000)
  eden space 16384K, 0% used [0x00000000eb400000,0x00000000eb400000,0x00000000ec400000)
  from space 2560K, 99% used [0x00000000ec680000,0x00000000ec8fec30,0x00000000ec900000)
  to   space 2560K, 0% used [0x00000000ec400000,0x00000000ec400000,0x00000000ec680000)
 ParOldGen       total 44032K, used 12777K [0x00000000c1c00000, 0x00000000c4700000, 0x00000000eb400000)
  object space 44032K, 29% used [0x00000000c1c00000,0x00000000c287a760,0x00000000c4700000)
 Metaspace       used 14635K, capacity 15320K, committed 15488K, reserved 1062912K
  class space    used 1942K, capacity 2155K, committed 2176K, reserved 1048576K
}

Deoptimization events (10 events):
Event: 0.580 Thread 0x0000000016746000 Uncommon trap: reason=class_check action=maybe_recompile pc=0x00000000026c3ba0 method=java.io.DataInputStream.readShort()S @ 4
Event: 0.585 Thread 0x0000000016746000 Uncommon trap: reason=class_check action=maybe_recompile pc=0x00000000025800b0 method=java.lang.String.equals(Ljava/lang/Object;)Z @ 8
Event: 0.585 Thread 0x0000000016746000 Uncommon trap: reason=class_check action=maybe_recompile pc=0x00000000025800b0 method=java.lang.String.equals(Ljava/lang/Object;)Z @ 8
Event: 0.585 Thread 0x0000000016746000 Uncommon trap: reason=class_check action=maybe_recompile pc=0x00000000025800b0 method=java.lang.String.equals(Ljava/lang/Object;)Z @ 8
Event: 0.585 Thread 0x0000000016746000 Uncommon trap: reason=class_check action=maybe_recompile pc=0x00000000025800b0 method=java.lang.String.equals(Ljava/lang/Object;)Z @ 8
Event: 0.672 Thread 0x0000000016746000 Uncommon trap: reason=unstable_if action=reinterpret pc=0x000000000270871c method=sun.net.www.ParseUtil.encodePath(Ljava/lang/String;Z)Ljava/lang/String; @ 109
Event: 1.899 Thread 0x0000000016746000 Uncommon trap: reason=unstable_if action=reinterpret pc=0x000000000282c6e4 method=jdk.internal.org.objectweb.asm.Type.getArgumentsAndReturnSizes(Ljava/lang/String;)I @ 47
Event: 2.798 Thread 0x0000000016746000 Uncommon trap: reason=unstable_if action=reinterpret pc=0x0000000002762cd8 method=java.lang.String.regionMatches(ZILjava/lang/String;II)Z @ 123
Event: 16.359 Thread 0x000000001671b000 Uncommon trap: reason=null_check action=make_not_entrant pc=0x0000000002a65a78 method=com.sun.javafx.sg.prism.NGCanvas.renderStream(Lcom/sun/javafx/sg/prism/GrowableDataBuffer;)V @ 1646
Event: 24.741 Thread 0x000000001671b000 Uncommon trap: reason=unstable_if action=reinterpret pc=0x0000000002bc7f94 method=com.sun.prism.impl.ManagedResource.bumpAge(I)V @ 7

Internal exceptions (10 events):
Event: 0.129 Thread 0x0000000002360800 Exception <a 'java/lang/NoSuchFieldError': method resolution failed> (0x00000000eb5e4750) thrown at [D:\re\workspace\8-2-build-windows-amd64-cygwin\jdk8u92\6642\hotspot\src\share\vm\prims\methodHandles.cpp, line 1146]
Event: 0.149 Thread 0x0000000002360800 Exception <a 'java/security/PrivilegedActionException'> (0x00000000eb66f138) thrown at [D:\re\workspace\8-2-build-windows-amd64-cygwin\jdk8u92\6642\hotspot\src\share\vm\prims\jvm.cpp, line 1386]
Event: 0.149 Thread 0x0000000002360800 Exception <a 'java/security/PrivilegedActionException'> (0x00000000eb66f348) thrown at [D:\re\workspace\8-2-build-windows-amd64-cygwin\jdk8u92\6642\hotspot\src\share\vm\prims\jvm.cpp, line 1386]
Event: 0.149 Thread 0x0000000002360800 Exception <a 'java/security/PrivilegedActionException'> (0x00000000eb673190) thrown at [D:\re\workspace\8-2-build-windows-amd64-cygwin\jdk8u92\6642\hotspot\src\share\vm\prims\jvm.cpp, line 1386]
Event: 0.149 Thread 0x0000000002360800 Exception <a 'java/security/PrivilegedActionException'> (0x00000000eb6733a0) thrown at [D:\re\workspace\8-2-build-windows-amd64-cygwin\jdk8u92\6642\hotspot\src\share\vm\prims\jvm.cpp, line 1386]
Event: 0.150 Thread 0x0000000002360800 Exception <a 'java/lang/NullPointerException'> (0x00000000eb673978) thrown at [D:\re\workspace\8-2-build-windows-amd64-cygwin\jdk8u92\6642\hotspot\src\share\vm\interpreter\linkResolver.cpp, line 1178]
Event: 0.311 Thread 0x0000000016746000 Exception <a 'java/lang/NullPointerException'> (0x00000000ebddf018) thrown at [D:\re\workspace\8-2-build-windows-amd64-cygwin\jdk8u92\6642\hotspot\src\share\vm\interpreter\linkResolver.cpp, line 1178]
Event: 0.311 Thread 0x0000000016746000 Exception <a 'java/lang/NullPointerException'> (0x00000000ebddf018) thrown at [D:\re\workspace\8-2-build-windows-amd64-cygwin\jdk8u92\6642\hotspot\src\share\vm\prims\jvm.cpp, line 1390]
Event: 0.444 Thread 0x0000000016746000 Implicit null exception at 0x00000000026d2635 to 0x00000000026d280d
Event: 16.359 Thread 0x000000001671b000 Implicit null exception at 0x0000000002a6550f to 0x0000000002a65a6d

Events (10 events):
Event: 18.345 Thread 0x0000000016746000 DEOPT UNPACKING pc=0x00000000024a787f sp=0x0000000016d1d5d0 mode 0
Event: 18.815 Thread 0x000000001671b000 DEOPT PACKING pc=0x0000000002a62303 sp=0x0000000016a5db90
Event: 18.815 Thread 0x000000001671b000 DEOPT UNPACKING pc=0x00000000024a787f sp=0x0000000016a5d8b8 mode 0
Event: 22.192 Executing VM operation: ParallelGCFailedAllocation
Event: 22.202 Executing VM operation: ParallelGCFailedAllocation done
Event: 24.741 Thread 0x000000001671b000 Uncommon trap: trap_request=0xffffff65 fr.pc=0x0000000002bc7f94
Event: 24.741 Thread 0x000000001671b000 DEOPT PACKING pc=0x0000000002bc7f94 sp=0x0000000016a5ea50
Event: 24.741 Thread 0x000000001671b000 DEOPT UNPACKING pc=0x00000000024a582a sp=0x0000000016a5e978 mode 2
Event: 24.873 loading class java/util/WeakHashMap$1
Event: 24.873 loading class java/util/WeakHashMap$1 done


Dynamic libraries:
0x00007ff6b3f50000 - 0x00007ff6b3f87000 	C:\Program Files\Java\jdk1.8.0_92\jre\bin\java.exe
0x00007ffb9a0e0000 - 0x00007ffb9a2a1000 	C:\WINDOWS\SYSTEM32\ntdll.dll
0x00007ffb99bc0000 - 0x00007ffb99c6d000 	C:\WINDOWS\system32\KERNEL32.DLL
0x00007ffb96790000 - 0x00007ffb96978000 	C:\WINDOWS\system32\KERNELBASE.dll
0x00007ffb98d50000 - 0x00007ffb98df7000 	C:\WINDOWS\system32\ADVAPI32.dll
0x00007ffb99900000 - 0x00007ffb9999d000 	C:\WINDOWS\system32\msvcrt.dll
0x00007ffb99c70000 - 0x00007ffb99ccb000 	C:\WINDOWS\system32\sechost.dll
0x00007ffb98e60000 - 0x00007ffb98f7c000 	C:\WINDOWS\system32\RPCRT4.dll
0x00007ffb99f80000 - 0x00007ffb9a0d6000 	C:\WINDOWS\system32\USER32.dll
0x00007ffb99df0000 - 0x00007ffb99f76000 	C:\WINDOWS\system32\GDI32.dll
0x00007ffb88450000 - 0x00007ffb886c4000 	C:\WINDOWS\WinSxS\amd64_microsoft.windows.common-controls_6595b64144ccf1df_6.0.10586.0_none_8c15ae12515e1c22\COMCTL32.dll
0x00007ffb99250000 - 0x00007ffb994cd000 	C:\WINDOWS\system32\combase.dll
0x00007ffb96a90000 - 0x00007ffb96afa000 	C:\WINDOWS\system32\bcryptPrimitives.dll
0x00007ffb97510000 - 0x00007ffb9754b000 	C:\WINDOWS\system32\IMM32.DLL
0x0000000061cb0000 - 0x0000000061d82000 	C:\Program Files\Java\jdk1.8.0_92\jre\bin\msvcr100.dll
0x0000000061d90000 - 0x0000000062626000 	C:\Program Files\Java\jdk1.8.0_92\jre\bin\server\jvm.dll
0x00007ffb97500000 - 0x00007ffb97508000 	C:\WINDOWS\system32\PSAPI.DLL
0x00007ffb91ca0000 - 0x00007ffb91ca9000 	C:\WINDOWS\SYSTEM32\WSOCK32.dll
0x00007ffb94560000 - 0x00007ffb94583000 	C:\WINDOWS\SYSTEM32\WINMM.dll
0x00007ffb91cb0000 - 0x00007ffb91cba000 	C:\WINDOWS\SYSTEM32\VERSION.dll
0x00007ffb943b0000 - 0x00007ffb943dc000 	C:\WINDOWS\SYSTEM32\WINMMBASE.dll
0x00007ffb99d80000 - 0x00007ffb99deb000 	C:\WINDOWS\system32\WS2_32.dll
0x00007ffb96a40000 - 0x00007ffb96a83000 	C:\WINDOWS\system32\cfgmgr32.dll
0x0000000061c60000 - 0x0000000061c6f000 	C:\Program Files\Java\jdk1.8.0_92\jre\bin\verify.dll
0x0000000061c30000 - 0x0000000061c59000 	C:\Program Files\Java\jdk1.8.0_92\jre\bin\java.dll
0x0000000061c10000 - 0x0000000061c26000 	C:\Program Files\Java\jdk1.8.0_92\jre\bin\zip.dll
0x00007ffb97690000 - 0x00007ffb98bec000 	C:\WINDOWS\system32\SHELL32.dll
0x00007ffb96bb0000 - 0x00007ffb971f4000 	C:\WINDOWS\system32\windows.storage.dll
0x00007ffb98e00000 - 0x00007ffb98e52000 	C:\WINDOWS\system32\shlwapi.dll
0x00007ffb96780000 - 0x00007ffb9678f000 	C:\WINDOWS\system32\kernel.appcore.dll
0x00007ffb96980000 - 0x00007ffb96a35000 	C:\WINDOWS\system32\shcore.dll
0x00007ffb96710000 - 0x00007ffb9675b000 	C:\WINDOWS\system32\powrprof.dll
0x00007ffb96760000 - 0x00007ffb96774000 	C:\WINDOWS\system32\profapi.dll
0x00007ffb79080000 - 0x00007ffb7916f000 	C:\Program Files\Java\jdk1.8.0_92\jre\bin\msvcr120.dll
0x00007ffb80e60000 - 0x00007ffb80f06000 	C:\Program Files\Java\jdk1.8.0_92\jre\bin\msvcp120.dll
0x0000000061800000 - 0x0000000061822000 	C:\Program Files\Java\jdk1.8.0_92\jre\bin\prism_d3d.dll
0x00007ffb8fcb0000 - 0x00007ffb8fec0000 	C:\WINDOWS\system32\d3d9.dll
0x00007ffb92810000 - 0x00007ffb92832000 	C:\WINDOWS\SYSTEM32\dwmapi.dll
0x00007ffb95160000 - 0x00007ffb951f6000 	C:\WINDOWS\system32\uxtheme.dll
0x00007ffb5a050000 - 0x00007ffb5c334000 	C:\WINDOWS\SYSTEM32\igdumdim64.dll
0x00007ffb994d0000 - 0x00007ffb998f9000 	C:\WINDOWS\system32\SETUPAPI.dll
0x00007ffb97550000 - 0x00007ffb97611000 	C:\WINDOWS\system32\OLEAUT32.dll
0x00007ffb98bf0000 - 0x00007ffb98d33000 	C:\WINDOWS\system32\ole32.dll
0x00000000617b0000 - 0x00000000617f3000 	C:\Program Files\Java\jdk1.8.0_92\jre\bin\glass.dll
0x00007ffb98f80000 - 0x00007ffb9908b000 	C:\WINDOWS\system32\COMDLG32.dll
0x00007ffb97450000 - 0x00007ffb974d6000 	C:\WINDOWS\system32\FirewallAPI.dll
0x00007ffb97200000 - 0x00007ffb97217000 	C:\WINDOWS\system32\NETAPI32.dll
0x00007ffb94480000 - 0x00007ffb9448c000 	C:\WINDOWS\SYSTEM32\DAVHLPR.DLL
0x00007ffb954b0000 - 0x00007ffb954e2000 	C:\WINDOWS\SYSTEM32\fwbase.dll
0x00007ffb99090000 - 0x00007ffb991ea000 	C:\WINDOWS\system32\MSCTF.dll
0x00007ffb8ff80000 - 0x00007ffb90982000 	C:\WINDOWS\SYSTEM32\igdusc64.dll
0x0000000061790000 - 0x00000000617a4000 	C:\Program Files\Java\jdk1.8.0_92\jre\bin\javafx_font.dll
0x00007ffb85c40000 - 0x00007ffb85ea0000 	C:\WINDOWS\SYSTEM32\dwrite.dll
0x00007ffb99cd0000 - 0x00007ffb99d77000 	C:\WINDOWS\system32\clbcatq.dll
0x00007ffb90e20000 - 0x00007ffb90fd1000 	C:\WINDOWS\SYSTEM32\WindowsCodecs.dll
0x00007ffb87110000 - 0x00007ffb8715a000 	C:\WINDOWS\system32\dataexchange.dll
0x00007ffb93c20000 - 0x00007ffb93d03000 	C:\WINDOWS\system32\dcomp.dll
0x00007ffb92350000 - 0x00007ffb925f8000 	C:\WINDOWS\system32\d3d11.dll
0x00007ffb920d0000 - 0x00007ffb92172000 	C:\WINDOWS\system32\dxgi.dll
0x00007ffb95200000 - 0x00007ffb95300000 	C:\WINDOWS\system32\twinapi.appcore.dll
0x00007ffb96630000 - 0x00007ffb96659000 	C:\WINDOWS\system32\bcrypt.dll
0x00007ffb87730000 - 0x00007ffb87764000 	C:\Program Files\Common Files\Microsoft Shared\Ink\rtscom.dll
0x0000000061760000 - 0x0000000061783000 	C:\Program Files\Java\jdk1.8.0_92\jre\bin\javafx_iio.dll
0x0000000061740000 - 0x0000000061751000 	C:\Program Files\Java\jdk1.8.0_92\jre\bin\prism_common.dll
0x00007ffb917d0000 - 0x00007ffb9195c000 	C:\WINDOWS\SYSTEM32\dbghelp.dll

VM Arguments:
jvm_args: -Dfile.encoding=UTF-8 
java_command: D:\NetbeansProject\gamewithhomepage\dist\run1202526453\TermProject.jar
java_class_path (initial): D:\NetbeansProject\gamewithhomepage\dist\run1202526453\TermProject.jar
Launcher Type: SUN_STANDARD

Environment Variables:
PATH=C:\ProgramData\Oracle\Java\javapath;C:\Program Files (x86)\Intel\iCLS Client\;C:\Program Files\Intel\iCLS Client\;D:\Python3.5\Scripts\;D:\Python3.5\;C:\WINDOWS\system32;C:\WINDOWS;C:\WINDOWS\System32\Wbem;C:\WINDOWS\System32\WindowsPowerShell\v1.0\;C:\Program Files (x86)\Microsoft SQL Server\100\Tools\Binn\;C:\Program Files\Microsoft SQL Server\100\Tools\Binn\;C:\Program Files\Microsoft SQL Server\100\DTS\Binn\;C:\WINDOWS\system32\config\systemprofile\.dnx\bin;C:\Program Files\Microsoft DNX\Dnvm\;C:\Program Files\Microsoft SQL Server\120\Tools\Binn\;C:\Program Files (x86)\Windows Kits\10\Windows Performance Toolkit\;C:\Program Files (x86)\nodejs\;C:\Program Files (x86)\Intel\Intel(R) Management Engine Components\DAL;C:\Program Files\Intel\Intel(R) Management Engine Components\DAL;C:\Program Files (x86)\Intel\Intel(R) Management Engine Components\IPT;C:\Program Files\Intel\Intel(R) Management Engine Components\IPT;C:\Users\RifatRubayatul\AppData\Roaming\npm
USERNAME=RifatRubayatul
OS=Windows_NT
PROCESSOR_IDENTIFIER=Intel64 Family 6 Model 60 Stepping 3, GenuineIntel



---------------  S Y S T E M  ---------------

OS: Windows 10.0 , 64 bit Build 10586 (10.0.10586.0)

CPU:total 4 (2 cores per cpu, 2 threads per core) family 6 model 60 stepping 3, cmov, cx8, fxsr, mmx, sse, sse2, sse3, ssse3, sse4.1, sse4.2, popcnt, avx, avx2, aes, clmul, erms, lzcnt, ht, tsc, tscinvbit, bmi1, bmi2

Memory: 4k page, physical 4072556k(949080k free), swap 6485364k(1763648k free)

vm_info: Java HotSpot(TM) 64-Bit Server VM (25.92-b14) for windows-amd64 JRE (1.8.0_92-b14), built on Mar 31 2016 21:03:04 by "java_re" with MS VC++ 10.0 (VS2010)

time: Mon Jun 06 13:57:51 2016
elapsed time: 27 seconds (0d 0h 0m 27s)

