#
# A fatal error has been detected by the Java Runtime Environment:
#
#  EXCEPTION_ACCESS_VIOLATION (0xc0000005) at pc=0x000000006224884b, pid=8364, tid=0x0000000000009fb8
#
# JRE version: Java(TM) SE Runtime Environment (8.0_92-b14) (build 1.8.0_92-b14)
# Java VM: Java HotSpot(TM) 64-Bit Server VM (25.92-b14 mixed mode windows-amd64 compressed oops)
# Problematic frame:
# V  [jvm.dll+0x4b884b]
#
# Failed to write core dump. Minidumps are not enabled by default on client versions of Windows
#
# If you would like to submit a bug report, please visit:
#   http://bugreport.java.com/bugreport/crash.jsp
#

---------------  T H R E A D  ---------------

Current thread (0x0000000014b9f000):  JavaThread "C2 CompilerThread0" daemon [_thread_in_native, id=40888, stack(0x00000000160f0000,0x00000000161f0000)]

siginfo: ExceptionCode=0xc0000005, reading address 0x000000000000002c

Registers:
RAX=0x000000001b592a28, RBX=0x000000001b729078, RCX=0x00000000000001ff, RDX=0x000000001651bfe8
RSP=0x00000000161eba70, RBP=0x000000001651c170, RSI=0x0000000000000000, RDI=0x0000000000000000
R8 =0x0000000000000002, R9 =0x00000000164f7b30, R10=0x000000001b72c610, R11=0x0000000010000000
R12=0x000000001651c1b8, R13=0x00000000161ebfe0, R14=0x00000000000001ff, R15=0x0000000000000003
RIP=0x000000006224884b, EFLAGS=0x0000000000010246

Top of Stack: (sp=0x00000000161eba70)
0x00000000161eba70:   00000000164f6f58 0000000000000000
0x00000000161eba80:   000000001b6a9b90 0000000000000080
0x00000000161eba90:   00000000161ebbb8 0000000062248c2a
0x00000000161ebaa0:   000000001b729078 000000001651c170
0x00000000161ebab0:   00000000161ebfe0 000000006227f9fa
0x00000000161ebac0:   0000000000000002 000000001651b598
0x00000000161ebad0:   00000000161ebc08 00000000161ebb98
0x00000000161ebae0:   00000000000005fa 000000006224de18
0x00000000161ebaf0:   00000000161ebfe0 000000001651b598
0x00000000161ebb00:   00000000161ec000 00000000161ebbb8
0x00000000161ebb10:   0000000016572200 0000000014b67980
0x00000000161ebb20:   0000000000000003 0000000000000002
0x00000000161ebb30:   000000001b69a8d0 0000000014bb3ce0
0x00000000161ebb40:   0000000014b67980 00000000161ebfe0
0x00000000161ebb50:   00000000161ebc60 000000006224fdab
0x00000000161ebb60:   00000000161ebfe0 00000000161ebbb8 

Instructions: (pc=0x000000006224884b)
0x000000006224882b:   10 83 78 18 03 75 0a 48 8b 40 08 48 8b 40 08 eb
0x000000006224883b:   03 48 8b c7 48 8b 40 08 b9 ff 01 00 00 48 8b 30
0x000000006224884b:   0f b7 46 2c 66 23 c1 b9 60 01 00 00 66 3b c1 75
0x000000006224885b:   48 48 8b 46 08 48 8b 40 10 48 85 c0 74 23 48 8b 


Register to memory mapping:

RAX=0x000000001b592a28 is an unknown value
RBX=0x000000001b729078 is an unknown value
RCX=0x00000000000001ff is an unknown value
RDX=0x000000001651bfe8 is an unknown value
RSP=0x00000000161eba70 is pointing into the stack for thread: 0x0000000014b9f000
RBP=0x000000001651c170 is an unknown value
RSI=0x0000000000000000 is an unknown value
RDI=0x0000000000000000 is an unknown value
R8 =0x0000000000000002 is an unknown value
R9 =0x00000000164f7b30 is an unknown value
R10=0x000000001b72c610 is an unknown value
R11=0x0000000010000000 is an unknown value
R12=0x000000001651c1b8 is an unknown value
R13=0x00000000161ebfe0 is pointing into the stack for thread: 0x0000000014b9f000
R14=0x00000000000001ff is an unknown value
R15=0x0000000000000003 is an unknown value


Stack: [0x00000000160f0000,0x00000000161f0000],  sp=0x00000000161eba70,  free space=1006k
Native frames: (J=compiled Java code, j=interpreted, Vv=VM code, C=native code)
V  [jvm.dll+0x4b884b]
V  [jvm.dll+0x4b8c2a]
V  [jvm.dll+0x4bde18]
V  [jvm.dll+0x4bfdab]
V  [jvm.dll+0x471e35]
V  [jvm.dll+0x472b94]
V  [jvm.dll+0x455b42]
V  [jvm.dll+0xa50a2]
V  [jvm.dll+0xa59df]
V  [jvm.dll+0x244314]
V  [jvm.dll+0x29b34a]
C  [msvcr100.dll+0x21d9f]
C  [msvcr100.dll+0x21e3b]
C  [KERNEL32.DLL+0x18102]
C  [ntdll.dll+0x5c5b4]


Current CompileTask:
C2:  32268 2399 %     4       Mountain::drawImpact @ 17 (307 bytes)


---------------  P R O C E S S  ---------------

Java Threads: ( => current thread )
  0x000000001b55d800 JavaThread "Prism Font Disposer" daemon [_thread_blocked, id=24828, stack(0x000000001eda0000,0x000000001eea0000)]
  0x00000000167dc800 JavaThread "Thread-3" daemon [_thread_in_native, id=8828, stack(0x000000001bb40000,0x000000001bc40000)]
  0x000000001b39b000 JavaThread "JavaFX-Launcher" [_thread_blocked, id=42424, stack(0x000000001bc40000,0x000000001bd40000)]
  0x000000001676a000 JavaThread "JavaFX Application Thread" [_thread_blocked, id=42956, stack(0x0000000016cb0000,0x0000000016db0000)]
  0x0000000016761000 JavaThread "Thread-1" daemon [_thread_blocked, id=33412, stack(0x0000000016bb0000,0x0000000016cb0000)]
  0x000000001673d800 JavaThread "QuantumRenderer-0" daemon [_thread_in_native, id=41304, stack(0x00000000169f0000,0x0000000016af0000)]
  0x0000000016428800 JavaThread "Service Thread" daemon [_thread_blocked, id=5644, stack(0x00000000167f0000,0x00000000168f0000)]
  0x0000000014ba4800 JavaThread "C1 CompilerThread2" daemon [_thread_blocked, id=2340, stack(0x00000000162f0000,0x00000000163f0000)]
  0x0000000014ba1800 JavaThread "C2 CompilerThread1" daemon [_thread_blocked, id=34152, stack(0x00000000161f0000,0x00000000162f0000)]
=>0x0000000014b9f000 JavaThread "C2 CompilerThread0" daemon [_thread_in_native, id=40888, stack(0x00000000160f0000,0x00000000161f0000)]
  0x0000000014b9e000 JavaThread "Attach Listener" daemon [_thread_blocked, id=36504, stack(0x0000000015ff0000,0x00000000160f0000)]
  0x0000000014b9b000 JavaThread "Signal Dispatcher" daemon [_thread_blocked, id=42496, stack(0x0000000015ef0000,0x0000000015ff0000)]
  0x0000000014b8a800 JavaThread "Finalizer" daemon [_thread_blocked, id=35348, stack(0x0000000015df0000,0x0000000015ef0000)]
  0x00000000025c0800 JavaThread "Reference Handler" daemon [_thread_blocked, id=11444, stack(0x0000000015cf0000,0x0000000015df0000)]
  0x00000000024d0800 JavaThread "main" [_thread_blocked, id=41288, stack(0x00000000023d0000,0x00000000024d0000)]

Other Threads:
  0x0000000014b68000 VMThread [stack: 0x0000000015bf0000,0x0000000015cf0000] [id=42948]
  0x0000000016431000 WatcherThread [stack: 0x00000000168f0000,0x00000000169f0000] [id=36120]

VM state:not at safepoint (normal execution)

VM Mutex/Monitor currently owned by a thread: None

Heap:
 PSYoungGen      total 18944K, used 6966K [0x00000000eb400000, 0x00000000ec900000, 0x0000000100000000)
  eden space 16384K, 26% used [0x00000000eb400000,0x00000000eb84eec0,0x00000000ec400000)
  from space 2560K, 99% used [0x00000000ec680000,0x00000000ec8fec30,0x00000000ec900000)
  to   space 2560K, 0% used [0x00000000ec400000,0x00000000ec400000,0x00000000ec680000)
 ParOldGen       total 44032K, used 10755K [0x00000000c1c00000, 0x00000000c4700000, 0x00000000eb400000)
  object space 44032K, 24% used [0x00000000c1c00000,0x00000000c2680f88,0x00000000c4700000)
 Metaspace       used 14670K, capacity 15388K, committed 15488K, reserved 1062912K
  class space    used 1947K, capacity 2155K, committed 2176K, reserved 1048576K

Card table byte_map: [0x0000000011990000,0x0000000011b90000] byte_map_base: 0x0000000011382000

Marking Bits: (ParMarkBitMap*) 0x00000000625a64f0
 Begin Bits: [0x00000000120e0000, 0x0000000013070000)
 End Bits:   [0x0000000013070000, 0x0000000014000000)

Polling page: 0x00000000004f0000

CodeCache: size=245760Kb used=7735Kb max_used=7745Kb free=238024Kb
 bounds [0x00000000025d0000, 0x0000000002d70000, 0x00000000115d0000]
 total_blobs=3053 nmethods=2401 adapters=563
 compilation: enabled

Compilation events (10 events):
Event: 31.707 Thread 0x0000000014ba4800 nmethod 2394 0x0000000002d56a90 code [0x0000000002d56c00, 0x0000000002d56d88]
Event: 31.707 Thread 0x0000000014ba4800 2395       3       javafx.stage.Window::buildEventDispatchChain (32 bytes)
Event: 31.708 Thread 0x0000000014ba4800 nmethod 2395 0x0000000002d56350 code [0x0000000002d564e0, 0x0000000002d56918]
Event: 32.040 Thread 0x0000000014b9f000 2396       4       com.sun.prism.d3d.D3DGraphics::create (55 bytes)
Event: 32.045 Thread 0x0000000014ba1800 2397       4       javafx.scene.Node::prefHeight (27 bytes)
Event: 32.047 Thread 0x0000000014ba1800 nmethod 2397 0x0000000002d5e250 code [0x0000000002d5e3a0, 0x0000000002d5e4f8]
Event: 32.067 Thread 0x0000000014b9f000 nmethod 2396 0x0000000002d63810 code [0x0000000002d63a60, 0x0000000002d646d0]
Event: 32.067 Thread 0x0000000014ba1800 2398       4       com.sun.prism.impl.BaseResourcePool::freeDisposalRequestedAndCheckResources (156 bytes)
Event: 32.072 Thread 0x0000000014ba1800 nmethod 2398 0x0000000002d5db90 code [0x0000000002d5dce0, 0x0000000002d5df18]
Event: 32.093 Thread 0x0000000014b9f000 2399 %     4       Mountain::drawImpact @ 17 (307 bytes)

GC Heap History (8 events):
Event: 0.460 GC heap before
{Heap before GC invocations=1 (full 0):
 PSYoungGen      total 18944K, used 16384K [0x00000000eb400000, 0x00000000ec900000, 0x0000000100000000)
  eden space 16384K, 100% used [0x00000000eb400000,0x00000000ec400000,0x00000000ec400000)
  from space 2560K, 0% used [0x00000000ec680000,0x00000000ec680000,0x00000000ec900000)
  to   space 2560K, 0% used [0x00000000ec400000,0x00000000ec400000,0x00000000ec680000)
 ParOldGen       total 44032K, used 0K [0x00000000c1c00000, 0x00000000c4700000, 0x00000000eb400000)
  object space 44032K, 0% used [0x00000000c1c00000,0x00000000c1c00000,0x00000000c4700000)
 Metaspace       used 9674K, capacity 10056K, committed 10368K, reserved 1058816K
  class space    used 1302K, capacity 1407K, committed 1408K, reserved 1048576K
Event: 0.464 GC heap after
Heap after GC invocations=1 (full 0):
 PSYoungGen      total 18944K, used 2533K [0x00000000eb400000, 0x00000000ec900000, 0x0000000100000000)
  eden space 16384K, 0% used [0x00000000eb400000,0x00000000eb400000,0x00000000ec400000)
  from space 2560K, 98% used [0x00000000ec400000,0x00000000ec679460,0x00000000ec680000)
  to   space 2560K, 0% used [0x00000000ec680000,0x00000000ec680000,0x00000000ec900000)
 ParOldGen       total 44032K, used 276K [0x00000000c1c00000, 0x00000000c4700000, 0x00000000eb400000)
  object space 44032K, 0% used [0x00000000c1c00000,0x00000000c1c45350,0x00000000c4700000)
 Metaspace       used 9674K, capacity 10056K, committed 10368K, reserved 1058816K
  class space    used 1302K, capacity 1407K, committed 1408K, reserved 1048576K
}
Event: 2.298 GC heap before
{Heap before GC invocations=2 (full 0):
 PSYoungGen      total 18944K, used 16877K [0x00000000eb400000, 0x00000000ec900000, 0x0000000100000000)
  eden space 16384K, 87% used [0x00000000eb400000,0x00000000ec202170,0x00000000ec400000)
  from space 2560K, 98% used [0x00000000ec400000,0x00000000ec679460,0x00000000ec680000)
  to   space 2560K, 0% used [0x00000000ec680000,0x00000000ec680000,0x00000000ec900000)
 ParOldGen       total 44032K, used 276K [0x00000000c1c00000, 0x00000000c4700000, 0x00000000eb400000)
  object space 44032K, 0% used [0x00000000c1c00000,0x00000000c1c45350,0x00000000c4700000)
 Metaspace       used 13595K, capacity 14276K, committed 14464K, reserved 1060864K
  class space    used 1915K, capacity 2089K, committed 2176K, reserved 1048576K
Event: 2.304 GC heap after
Heap after GC invocations=2 (full 0):
 PSYoungGen      total 18944K, used 2528K [0x00000000eb400000, 0x00000000ec900000, 0x0000000100000000)
  eden space 16384K, 0% used [0x00000000eb400000,0x00000000eb400000,0x00000000ec400000)
  from space 2560K, 98% used [0x00000000ec680000,0x00000000ec8f8030,0x00000000ec900000)
  to   space 2560K, 0% used [0x00000000ec400000,0x00000000ec400000,0x00000000ec680000)
 ParOldGen       total 44032K, used 5621K [0x00000000c1c00000, 0x00000000c4700000, 0x00000000eb400000)
  object space 44032K, 12% used [0x00000000c1c00000,0x00000000c217d700,0x00000000c4700000)
 Metaspace       used 13595K, capacity 14276K, committed 14464K, reserved 1060864K
  class space    used 1915K, capacity 2089K, committed 2176K, reserved 1048576K
}
Event: 23.802 GC heap before
{Heap before GC invocations=3 (full 0):
 PSYoungGen      total 18944K, used 18912K [0x00000000eb400000, 0x00000000ec900000, 0x0000000100000000)
  eden space 16384K, 100% used [0x00000000eb400000,0x00000000ec400000,0x00000000ec400000)
  from space 2560K, 98% used [0x00000000ec680000,0x00000000ec8f8030,0x00000000ec900000)
  to   space 2560K, 0% used [0x00000000ec400000,0x00000000ec400000,0x00000000ec680000)
 ParOldGen       total 44032K, used 5621K [0x00000000c1c00000, 0x00000000c4700000, 0x00000000eb400000)
  object space 44032K, 12% used [0x00000000c1c00000,0x00000000c217d700,0x00000000c4700000)
 Metaspace       used 14574K, capacity 15260K, committed 15488K, reserved 1062912K
  class space    used 1947K, capacity 2155K, committed 2176K, reserved 1048576K
Event: 23.815 GC heap after
Heap after GC invocations=3 (full 0):
 PSYoungGen      total 18944K, used 2555K [0x00000000eb400000, 0x00000000ec900000, 0x0000000100000000)
  eden space 16384K, 0% used [0x00000000eb400000,0x00000000eb400000,0x00000000ec400000)
  from space 2560K, 99% used [0x00000000ec400000,0x00000000ec67ec30,0x00000000ec680000)
  to   space 2560K, 0% used [0x00000000ec680000,0x00000000ec680000,0x00000000ec900000)
 ParOldGen       total 44032K, used 10707K [0x00000000c1c00000, 0x00000000c4700000, 0x00000000eb400000)
  object space 44032K, 24% used [0x00000000c1c00000,0x00000000c2674f88,0x00000000c4700000)
 Metaspace       used 14574K, capacity 15260K, committed 15488K, reserved 1062912K
  class space    used 1947K, capacity 2155K, committed 2176K, reserved 1048576K
}
Event: 30.551 GC heap before
{Heap before GC invocations=4 (full 0):
 PSYoungGen      total 18944K, used 18939K [0x00000000eb400000, 0x00000000ec900000, 0x0000000100000000)
  eden space 16384K, 100% used [0x00000000eb400000,0x00000000ec400000,0x00000000ec400000)
  from space 2560K, 99% used [0x00000000ec400000,0x00000000ec67ec30,0x00000000ec680000)
  to   space 2560K, 0% used [0x00000000ec680000,0x00000000ec680000,0x00000000ec900000)
 ParOldGen       total 44032K, used 10707K [0x00000000c1c00000, 0x00000000c4700000, 0x00000000eb400000)
  object space 44032K, 24% used [0x00000000c1c00000,0x00000000c2674f88,0x00000000c4700000)
 Metaspace       used 14666K, capacity 15388K, committed 15488K, reserved 1062912K
  class space    used 1947K, capacity 2155K, committed 2176K, reserved 1048576K
Event: 30.558 GC heap after
Heap after GC invocations=4 (full 0):
 PSYoungGen      total 18944K, used 2555K [0x00000000eb400000, 0x00000000ec900000, 0x0000000100000000)
  eden space 16384K, 0% used [0x00000000eb400000,0x00000000eb400000,0x00000000ec400000)
  from space 2560K, 99% used [0x00000000ec680000,0x00000000ec8fec30,0x00000000ec900000)
  to   space 2560K, 0% used [0x00000000ec400000,0x00000000ec400000,0x00000000ec680000)
 ParOldGen       total 44032K, used 10755K [0x00000000c1c00000, 0x00000000c4700000, 0x00000000eb400000)
  object space 44032K, 24% used [0x00000000c1c00000,0x00000000c2680f88,0x00000000c4700000)
 Metaspace       used 14666K, capacity 15388K, committed 15488K, reserved 1062912K
  class space    used 1947K, capacity 2155K, committed 2176K, reserved 1048576K
}

Deoptimization events (10 events):
Event: 0.599 Thread 0x000000001676a000 Uncommon trap: reason=class_check action=maybe_recompile pc=0x00000000028373a0 method=java.io.DataInputStream.readShort()S @ 4
Event: 0.599 Thread 0x000000001676a000 Uncommon trap: reason=class_check action=maybe_recompile pc=0x00000000028373a0 method=java.io.DataInputStream.readShort()S @ 4
Event: 0.603 Thread 0x000000001676a000 Uncommon trap: reason=class_check action=maybe_recompile pc=0x00000000026ef9b0 method=java.lang.String.equals(Ljava/lang/Object;)Z @ 8
Event: 0.603 Thread 0x000000001676a000 Uncommon trap: reason=class_check action=maybe_recompile pc=0x00000000026ef9b0 method=java.lang.String.equals(Ljava/lang/Object;)Z @ 8
Event: 0.603 Thread 0x000000001676a000 Uncommon trap: reason=class_check action=maybe_recompile pc=0x00000000026ef9b0 method=java.lang.String.equals(Ljava/lang/Object;)Z @ 8
Event: 0.603 Thread 0x000000001676a000 Uncommon trap: reason=class_check action=maybe_recompile pc=0x00000000026ef9b0 method=java.lang.String.equals(Ljava/lang/Object;)Z @ 8
Event: 0.704 Thread 0x000000001676a000 Uncommon trap: reason=unstable_if action=reinterpret pc=0x000000000287de1c method=sun.net.www.ParseUtil.encodePath(Ljava/lang/String;Z)Ljava/lang/String; @ 109
Event: 2.259 Thread 0x000000001676a000 Uncommon trap: reason=unstable_if action=reinterpret pc=0x0000000002940e64 method=jdk.internal.org.objectweb.asm.Type.getArgumentsAndReturnSizes(Ljava/lang/String;)I @ 47
Event: 3.741 Thread 0x000000001676a000 Uncommon trap: reason=unstable_if action=reinterpret pc=0x0000000002932ad8 method=java.lang.String.regionMatches(ZILjava/lang/String;II)Z @ 123
Event: 26.985 Thread 0x000000001673d800 Uncommon trap: reason=null_check action=make_not_entrant pc=0x0000000002bfedc8 method=com.sun.javafx.sg.prism.NGCanvas.renderStream(Lcom/sun/javafx/sg/prism/GrowableDataBuffer;)V @ 1646

Internal exceptions (10 events):
Event: 0.129 Thread 0x00000000024d0800 Exception <a 'java/lang/NoSuchFieldError': method resolution failed> (0x00000000eb5e45a8) thrown at [D:\re\workspace\8-2-build-windows-amd64-cygwin\jdk8u92\6642\hotspot\src\share\vm\prims\methodHandles.cpp, line 1146]
Event: 0.150 Thread 0x00000000024d0800 Exception <a 'java/security/PrivilegedActionException'> (0x00000000eb66f328) thrown at [D:\re\workspace\8-2-build-windows-amd64-cygwin\jdk8u92\6642\hotspot\src\share\vm\prims\jvm.cpp, line 1386]
Event: 0.150 Thread 0x00000000024d0800 Exception <a 'java/security/PrivilegedActionException'> (0x00000000eb66f538) thrown at [D:\re\workspace\8-2-build-windows-amd64-cygwin\jdk8u92\6642\hotspot\src\share\vm\prims\jvm.cpp, line 1386]
Event: 0.151 Thread 0x00000000024d0800 Exception <a 'java/security/PrivilegedActionException'> (0x00000000eb673380) thrown at [D:\re\workspace\8-2-build-windows-amd64-cygwin\jdk8u92\6642\hotspot\src\share\vm\prims\jvm.cpp, line 1386]
Event: 0.151 Thread 0x00000000024d0800 Exception <a 'java/security/PrivilegedActionException'> (0x00000000eb673590) thrown at [D:\re\workspace\8-2-build-windows-amd64-cygwin\jdk8u92\6642\hotspot\src\share\vm\prims\jvm.cpp, line 1386]
Event: 0.151 Thread 0x00000000024d0800 Exception <a 'java/lang/NullPointerException'> (0x00000000eb673b68) thrown at [D:\re\workspace\8-2-build-windows-amd64-cygwin\jdk8u92\6642\hotspot\src\share\vm\interpreter\linkResolver.cpp, line 1178]
Event: 0.318 Thread 0x000000001676a000 Exception <a 'java/lang/NullPointerException'> (0x00000000ebddefe8) thrown at [D:\re\workspace\8-2-build-windows-amd64-cygwin\jdk8u92\6642\hotspot\src\share\vm\interpreter\linkResolver.cpp, line 1178]
Event: 0.318 Thread 0x000000001676a000 Exception <a 'java/lang/NullPointerException'> (0x00000000ebddefe8) thrown at [D:\re\workspace\8-2-build-windows-amd64-cygwin\jdk8u92\6642\hotspot\src\share\vm\prims\jvm.cpp, line 1390]
Event: 0.453 Thread 0x000000001676a000 Implicit null exception at 0x0000000002847375 to 0x000000000284754d
Event: 26.985 Thread 0x000000001673d800 Implicit null exception at 0x0000000002bfe85f to 0x0000000002bfedbd

Events (10 events):
Event: 23.815 Executing VM operation: ParallelGCFailedAllocation done
Event: 26.985 Thread 0x000000001673d800 Uncommon trap: trap_request=0xfffffff4 fr.pc=0x0000000002bfedc8
Event: 26.985 Thread 0x000000001673d800 DEOPT PACKING pc=0x0000000002bfedc8 sp=0x0000000016aee500
Event: 26.985 Thread 0x000000001673d800 DEOPT UNPACKING pc=0x000000000261582a sp=0x0000000016aee488 mode 2
Event: 27.053 Thread 0x000000001676a000 DEOPT PACKING pc=0x0000000002c0abcd sp=0x0000000016dad630
Event: 27.053 Thread 0x000000001676a000 DEOPT UNPACKING pc=0x000000000261787f sp=0x0000000016dad400 mode 0
Event: 29.502 Thread 0x000000001673d800 DEOPT PACKING pc=0x0000000002bf8e83 sp=0x0000000016aedda0
Event: 29.503 Thread 0x000000001673d800 DEOPT UNPACKING pc=0x000000000261787f sp=0x0000000016aedac8 mode 0
Event: 30.551 Executing VM operation: ParallelGCFailedAllocation
Event: 30.558 Executing VM operation: ParallelGCFailedAllocation done


Dynamic libraries:
0x00007ff6b3f50000 - 0x00007ff6b3f87000 	C:\Program Files\Java\jdk1.8.0_92\jre\bin\java.exe
0x00007ffb9a0e0000 - 0x00007ffb9a2a1000 	C:\WINDOWS\SYSTEM32\ntdll.dll
0x00007ffb99bc0000 - 0x00007ffb99c6d000 	C:\WINDOWS\system32\KERNEL32.DLL
0x00007ffb96790000 - 0x00007ffb96978000 	C:\WINDOWS\system32\KERNELBASE.dll
0x00007ffb98d50000 - 0x00007ffb98df7000 	C:\WINDOWS\system32\ADVAPI32.dll
0x00007ffb99900000 - 0x00007ffb9999d000 	C:\WINDOWS\system32\msvcrt.dll
0x00007ffb99c70000 - 0x00007ffb99ccb000 	C:\WINDOWS\system32\sechost.dll
0x00007ffb98e60000 - 0x00007ffb98f7c000 	C:\WINDOWS\system32\RPCRT4.dll
0x00007ffb99f80000 - 0x00007ffb9a0d6000 	C:\WINDOWS\system32\USER32.dll
0x00007ffb99df0000 - 0x00007ffb99f76000 	C:\WINDOWS\system32\GDI32.dll
0x00007ffb88450000 - 0x00007ffb886c4000 	C:\WINDOWS\WinSxS\amd64_microsoft.windows.common-controls_6595b64144ccf1df_6.0.10586.0_none_8c15ae12515e1c22\COMCTL32.dll
0x00007ffb99250000 - 0x00007ffb994cd000 	C:\WINDOWS\system32\combase.dll
0x00007ffb96a90000 - 0x00007ffb96afa000 	C:\WINDOWS\system32\bcryptPrimitives.dll
0x00007ffb97510000 - 0x00007ffb9754b000 	C:\WINDOWS\system32\IMM32.DLL
0x0000000061cb0000 - 0x0000000061d82000 	C:\Program Files\Java\jdk1.8.0_92\jre\bin\msvcr100.dll
0x0000000061d90000 - 0x0000000062626000 	C:\Program Files\Java\jdk1.8.0_92\jre\bin\server\jvm.dll
0x00007ffb97500000 - 0x00007ffb97508000 	C:\WINDOWS\system32\PSAPI.DLL
0x00007ffb91ca0000 - 0x00007ffb91ca9000 	C:\WINDOWS\SYSTEM32\WSOCK32.dll
0x00007ffb94560000 - 0x00007ffb94583000 	C:\WINDOWS\SYSTEM32\WINMM.dll
0x00007ffb91cb0000 - 0x00007ffb91cba000 	C:\WINDOWS\SYSTEM32\VERSION.dll
0x00007ffb99d80000 - 0x00007ffb99deb000 	C:\WINDOWS\system32\WS2_32.dll
0x00007ffb943b0000 - 0x00007ffb943dc000 	C:\WINDOWS\SYSTEM32\WINMMBASE.dll
0x00007ffb96a40000 - 0x00007ffb96a83000 	C:\WINDOWS\system32\cfgmgr32.dll
0x0000000061c60000 - 0x0000000061c6f000 	C:\Program Files\Java\jdk1.8.0_92\jre\bin\verify.dll
0x0000000061c30000 - 0x0000000061c59000 	C:\Program Files\Java\jdk1.8.0_92\jre\bin\java.dll
0x0000000061c10000 - 0x0000000061c26000 	C:\Program Files\Java\jdk1.8.0_92\jre\bin\zip.dll
0x00007ffb97690000 - 0x00007ffb98bec000 	C:\WINDOWS\system32\SHELL32.dll
0x00007ffb96bb0000 - 0x00007ffb971f4000 	C:\WINDOWS\system32\windows.storage.dll
0x00007ffb98e00000 - 0x00007ffb98e52000 	C:\WINDOWS\system32\shlwapi.dll
0x00007ffb96780000 - 0x00007ffb9678f000 	C:\WINDOWS\system32\kernel.appcore.dll
0x00007ffb96980000 - 0x00007ffb96a35000 	C:\WINDOWS\system32\shcore.dll
0x00007ffb96710000 - 0x00007ffb9675b000 	C:\WINDOWS\system32\powrprof.dll
0x00007ffb96760000 - 0x00007ffb96774000 	C:\WINDOWS\system32\profapi.dll
0x00007ffb79080000 - 0x00007ffb7916f000 	C:\Program Files\Java\jdk1.8.0_92\jre\bin\msvcr120.dll
0x00007ffb80e60000 - 0x00007ffb80f06000 	C:\Program Files\Java\jdk1.8.0_92\jre\bin\msvcp120.dll
0x0000000061800000 - 0x0000000061822000 	C:\Program Files\Java\jdk1.8.0_92\jre\bin\prism_d3d.dll
0x00007ffb8fcb0000 - 0x00007ffb8fec0000 	C:\WINDOWS\system32\d3d9.dll
0x00007ffb92810000 - 0x00007ffb92832000 	C:\WINDOWS\SYSTEM32\dwmapi.dll
0x00007ffb95160000 - 0x00007ffb951f6000 	C:\WINDOWS\system32\uxtheme.dll
0x00007ffb5a050000 - 0x00007ffb5c334000 	C:\WINDOWS\SYSTEM32\igdumdim64.dll
0x00007ffb994d0000 - 0x00007ffb998f9000 	C:\WINDOWS\system32\SETUPAPI.dll
0x00007ffb97550000 - 0x00007ffb97611000 	C:\WINDOWS\system32\OLEAUT32.dll
0x00007ffb98bf0000 - 0x00007ffb98d33000 	C:\WINDOWS\system32\ole32.dll
0x00000000617b0000 - 0x00000000617f3000 	C:\Program Files\Java\jdk1.8.0_92\jre\bin\glass.dll
0x00007ffb98f80000 - 0x00007ffb9908b000 	C:\WINDOWS\system32\COMDLG32.dll
0x00007ffb97450000 - 0x00007ffb974d6000 	C:\WINDOWS\system32\FirewallAPI.dll
0x00007ffb97200000 - 0x00007ffb97217000 	C:\WINDOWS\system32\NETAPI32.dll
0x00007ffb94480000 - 0x00007ffb9448c000 	C:\WINDOWS\SYSTEM32\DAVHLPR.DLL
0x00007ffb954b0000 - 0x00007ffb954e2000 	C:\WINDOWS\SYSTEM32\fwbase.dll
0x00007ffb99090000 - 0x00007ffb991ea000 	C:\WINDOWS\system32\MSCTF.dll
0x00007ffb8ff80000 - 0x00007ffb90982000 	C:\WINDOWS\SYSTEM32\igdusc64.dll
0x0000000061790000 - 0x00000000617a4000 	C:\Program Files\Java\jdk1.8.0_92\jre\bin\javafx_font.dll
0x00007ffb85c40000 - 0x00007ffb85ea0000 	C:\WINDOWS\SYSTEM32\dwrite.dll
0x00007ffb99cd0000 - 0x00007ffb99d77000 	C:\WINDOWS\system32\clbcatq.dll
0x00007ffb90e20000 - 0x00007ffb90fd1000 	C:\WINDOWS\SYSTEM32\WindowsCodecs.dll
0x00007ffb87110000 - 0x00007ffb8715a000 	C:\WINDOWS\system32\dataexchange.dll
0x00007ffb93c20000 - 0x00007ffb93d03000 	C:\WINDOWS\system32\dcomp.dll
0x00007ffb92350000 - 0x00007ffb925f8000 	C:\WINDOWS\system32\d3d11.dll
0x00007ffb920d0000 - 0x00007ffb92172000 	C:\WINDOWS\system32\dxgi.dll
0x00007ffb95200000 - 0x00007ffb95300000 	C:\WINDOWS\system32\twinapi.appcore.dll
0x00007ffb96630000 - 0x00007ffb96659000 	C:\WINDOWS\system32\bcrypt.dll
0x00007ffb87730000 - 0x00007ffb87764000 	C:\Program Files\Common Files\Microsoft Shared\Ink\rtscom.dll
0x0000000061760000 - 0x0000000061783000 	C:\Program Files\Java\jdk1.8.0_92\jre\bin\javafx_iio.dll
0x0000000061740000 - 0x0000000061751000 	C:\Program Files\Java\jdk1.8.0_92\jre\bin\prism_common.dll
0x00007ffb917d0000 - 0x00007ffb9195c000 	C:\WINDOWS\SYSTEM32\dbghelp.dll

VM Arguments:
jvm_args: -Dfile.encoding=UTF-8 
java_command: D:\NetbeansProject\gamewithhomepage\dist\run1365532206\TermProject.jar
java_class_path (initial): D:\NetbeansProject\gamewithhomepage\dist\run1365532206\TermProject.jar
Launcher Type: SUN_STANDARD

Environment Variables:
PATH=C:\ProgramData\Oracle\Java\javapath;C:\Program Files (x86)\Intel\iCLS Client\;C:\Program Files\Intel\iCLS Client\;D:\Python3.5\Scripts\;D:\Python3.5\;C:\WINDOWS\system32;C:\WINDOWS;C:\WINDOWS\System32\Wbem;C:\WINDOWS\System32\WindowsPowerShell\v1.0\;C:\Program Files (x86)\Microsoft SQL Server\100\Tools\Binn\;C:\Program Files\Microsoft SQL Server\100\Tools\Binn\;C:\Program Files\Microsoft SQL Server\100\DTS\Binn\;C:\WINDOWS\system32\config\systemprofile\.dnx\bin;C:\Program Files\Microsoft DNX\Dnvm\;C:\Program Files\Microsoft SQL Server\120\Tools\Binn\;C:\Program Files (x86)\Windows Kits\10\Windows Performance Toolkit\;C:\Program Files (x86)\nodejs\;C:\Program Files (x86)\Intel\Intel(R) Management Engine Components\DAL;C:\Program Files\Intel\Intel(R) Management Engine Components\DAL;C:\Program Files (x86)\Intel\Intel(R) Management Engine Components\IPT;C:\Program Files\Intel\Intel(R) Management Engine Components\IPT;C:\Users\RifatRubayatul\AppData\Roaming\npm
USERNAME=RifatRubayatul
OS=Windows_NT
PROCESSOR_IDENTIFIER=Intel64 Family 6 Model 60 Stepping 3, GenuineIntel



---------------  S Y S T E M  ---------------

OS: Windows 10.0 , 64 bit Build 10586 (10.0.10586.0)

CPU:total 4 (2 cores per cpu, 2 threads per core) family 6 model 60 stepping 3, cmov, cx8, fxsr, mmx, sse, sse2, sse3, ssse3, sse4.1, sse4.2, popcnt, avx, avx2, aes, clmul, erms, lzcnt, ht, tsc, tscinvbit, bmi1, bmi2

Memory: 4k page, physical 4072556k(957096k free), swap 6485364k(1771028k free)

vm_info: Java HotSpot(TM) 64-Bit Server VM (25.92-b14) for windows-amd64 JRE (1.8.0_92-b14), built on Mar 31 2016 21:03:04 by "java_re" with MS VC++ 10.0 (VS2010)

time: Mon Jun 06 13:57:11 2016
elapsed time: 32 seconds (0d 0h 0m 32s)

