#
# A fatal error has been detected by the Java Runtime Environment:
#
#  EXCEPTION_ACCESS_VIOLATION (0xc0000005) at pc=0x000000006224884b, pid=32184, tid=0x0000000000009b7c
#
# JRE version: Java(TM) SE Runtime Environment (8.0_92-b14) (build 1.8.0_92-b14)
# Java VM: Java HotSpot(TM) 64-Bit Server VM (25.92-b14 mixed mode windows-amd64 compressed oops)
# Problematic frame:
# V  [jvm.dll+0x4b884b]
#
# Failed to write core dump. Minidumps are not enabled by default on client versions of Windows
#
# If you would like to submit a bug report, please visit:
#   http://bugreport.java.com/bugreport/crash.jsp
#

---------------  T H R E A D  ---------------

Current thread (0x0000000014adc800):  JavaThread "C2 CompilerThread0" daemon [_thread_in_native, id=39804, stack(0x0000000016030000,0x0000000016130000)]

siginfo: ExceptionCode=0xc0000005, reading address 0x000000000000002c

Registers:
RAX=0x000000001b93d370, RBX=0x0000000016437ec8, RCX=0x00000000000001ff, RDX=0x000000001b4eee30
RSP=0x000000001612be10, RBP=0x000000001b4ef038, RSI=0x0000000000000000, RDI=0x0000000000000000
R8 =0x0000000000000002, R9 =0x00000000227bb098, R10=0x000000001643b460, R11=0x0000000000000100
R12=0x000000001b4ef080, R13=0x000000001612c380, R14=0x00000000000001ff, R15=0x0000000000000003
RIP=0x000000006224884b, EFLAGS=0x0000000000010246

Top of Stack: (sp=0x000000001612be10)
0x000000001612be10:   00000000227ba6b8 0000000000000000
0x000000001612be20:   000000001b600610 0000000000000200
0x000000001612be30:   000000001612bf58 0000000062248c2a
0x000000001612be40:   0000000016437ec8 000000001b4ef038
0x000000001612be50:   000000001612c380 000000006227f9fa
0x000000001612be60:   0000000000000002 00000000227c03b8
0x000000001612be70:   000000001612bfa8 000000001612bf38
0x000000001612be80:   0000000000000b26 000000006224de18
0x000000001612be90:   000000001612c380 00000000227c03b8
0x000000001612bea0:   000000001612c3a0 000000001612bf58
0x000000001612beb0:   00000000164a6e80 0000000014aa76e0
0x000000001612bec0:   0000000000000004 0000000000000002
0x000000001612bed0:   000000001b5f62a0 000000001b8eea00
0x000000001612bee0:   0000000014aa76e0 000000001612c380
0x000000001612bef0:   000000001612c000 000000006224fdab
0x000000001612bf00:   000000001612c380 000000001612bf58 

Instructions: (pc=0x000000006224884b)
0x000000006224882b:   10 83 78 18 03 75 0a 48 8b 40 08 48 8b 40 08 eb
0x000000006224883b:   03 48 8b c7 48 8b 40 08 b9 ff 01 00 00 48 8b 30
0x000000006224884b:   0f b7 46 2c 66 23 c1 b9 60 01 00 00 66 3b c1 75
0x000000006224885b:   48 48 8b 46 08 48 8b 40 10 48 85 c0 74 23 48 8b 


Register to memory mapping:

RAX=0x000000001b93d370 is an unknown value
RBX=0x0000000016437ec8 is an unknown value
RCX=0x00000000000001ff is an unknown value
RDX=0x000000001b4eee30 is an unknown value
RSP=0x000000001612be10 is pointing into the stack for thread: 0x0000000014adc800
RBP=0x000000001b4ef038 is an unknown value
RSI=0x0000000000000000 is an unknown value
RDI=0x0000000000000000 is an unknown value
R8 =0x0000000000000002 is an unknown value
R9 =0x00000000227bb098 is an unknown value
R10=0x000000001643b460 is an unknown value
R11=0x0000000000000100 is an unknown value
R12=0x000000001b4ef080 is an unknown value
R13=0x000000001612c380 is pointing into the stack for thread: 0x0000000014adc800
R14=0x00000000000001ff is an unknown value
R15=0x0000000000000003 is an unknown value


Stack: [0x0000000016030000,0x0000000016130000],  sp=0x000000001612be10,  free space=1007k
Native frames: (J=compiled Java code, j=interpreted, Vv=VM code, C=native code)
V  [jvm.dll+0x4b884b]
V  [jvm.dll+0x4b8c2a]
V  [jvm.dll+0x4bde18]
V  [jvm.dll+0x4bfdab]
V  [jvm.dll+0x471e35]
V  [jvm.dll+0x472b94]
V  [jvm.dll+0x455b42]
V  [jvm.dll+0xa50a2]
V  [jvm.dll+0xa59df]
V  [jvm.dll+0x244314]
V  [jvm.dll+0x29b34a]
C  [msvcr100.dll+0x21d9f]
C  [msvcr100.dll+0x21e3b]
C  [KERNEL32.DLL+0x18102]
C  [ntdll.dll+0x5c5b4]


Current CompileTask:
C2:  44768 2560 %     4       Mountain::drawImpact @ 17 (307 bytes)


---------------  P R O C E S S  ---------------

Java Threads: ( => current thread )
  0x000000001b533000 JavaThread "Prism Font Disposer" daemon [_thread_blocked, id=41392, stack(0x000000001efd0000,0x000000001f0d0000)]
  0x000000001b2f5800 JavaThread "Thread-3" daemon [_thread_in_native, id=42664, stack(0x000000001ba90000,0x000000001bb90000)]
  0x000000001b2f4800 JavaThread "JavaFX-Launcher" [_thread_blocked, id=5004, stack(0x000000001bb90000,0x000000001bc90000)]
  0x0000000016705800 JavaThread "JavaFX Application Thread" [_thread_in_native, id=42728, stack(0x0000000016bf0000,0x0000000016cf0000)]
  0x00000000166ea800 JavaThread "Thread-1" daemon [_thread_blocked, id=30600, stack(0x0000000016af0000,0x0000000016bf0000)]
  0x00000000166b5800 JavaThread "QuantumRenderer-0" daemon [_thread_in_native, id=33612, stack(0x0000000016930000,0x0000000016a30000)]
  0x0000000016368800 JavaThread "Service Thread" daemon [_thread_blocked, id=42532, stack(0x0000000016730000,0x0000000016830000)]
  0x0000000014ae8800 JavaThread "C1 CompilerThread2" daemon [_thread_blocked, id=42616, stack(0x0000000016230000,0x0000000016330000)]
  0x0000000014ae0000 JavaThread "C2 CompilerThread1" daemon [_thread_blocked, id=42092, stack(0x0000000016130000,0x0000000016230000)]
=>0x0000000014adc800 JavaThread "C2 CompilerThread0" daemon [_thread_in_native, id=39804, stack(0x0000000016030000,0x0000000016130000)]
  0x0000000014adb000 JavaThread "Attach Listener" daemon [_thread_blocked, id=40944, stack(0x0000000015f30000,0x0000000016030000)]
  0x0000000014ad9800 JavaThread "Signal Dispatcher" daemon [_thread_blocked, id=39268, stack(0x0000000015e30000,0x0000000015f30000)]
  0x0000000014aca800 JavaThread "Finalizer" daemon [_thread_blocked, id=41864, stack(0x0000000015d30000,0x0000000015e30000)]
  0x00000000024ff800 JavaThread "Reference Handler" daemon [_thread_blocked, id=36216, stack(0x0000000015c30000,0x0000000015d30000)]
  0x0000000002410800 JavaThread "main" [_thread_blocked, id=21160, stack(0x0000000002210000,0x0000000002310000)]

Other Threads:
  0x0000000014aa7800 VMThread [stack: 0x0000000015b30000,0x0000000015c30000] [id=41424]
  0x0000000016373000 WatcherThread [stack: 0x0000000016830000,0x0000000016930000] [id=13044]

VM state:not at safepoint (normal execution)

VM Mutex/Monitor currently owned by a thread: None

Heap:
 PSYoungGen      total 26624K, used 13494K [0x00000000eb400000, 0x00000000ed900000, 0x0000000100000000)
  eden space 16384K, 66% used [0x00000000eb400000,0x00000000ebeb1968,0x00000000ec400000)
  from space 10240K, 24% used [0x00000000ecf00000,0x00000000ed17c030,0x00000000ed900000)
  to   space 10752K, 0% used [0x00000000ec400000,0x00000000ec400000,0x00000000ece80000)
 ParOldGen       total 44032K, used 11793K [0x00000000c1c00000, 0x00000000c4700000, 0x00000000eb400000)
  object space 44032K, 26% used [0x00000000c1c00000,0x00000000c27847b0,0x00000000c4700000)
 Metaspace       used 14690K, capacity 15384K, committed 15488K, reserved 1062912K
  class space    used 1945K, capacity 2155K, committed 2176K, reserved 1048576K

Card table byte_map: [0x00000000118d0000,0x0000000011ad0000] byte_map_base: 0x00000000112c2000

Marking Bits: (ParMarkBitMap*) 0x00000000625a64f0
 Begin Bits: [0x0000000012020000, 0x0000000012fb0000)
 End Bits:   [0x0000000012fb0000, 0x0000000013f40000)

Polling page: 0x0000000000a60000

CodeCache: size=245760Kb used=8377Kb max_used=8389Kb free=237382Kb
 bounds [0x0000000002510000, 0x0000000002d50000, 0x0000000011510000]
 total_blobs=3184 nmethods=2532 adapters=563
 compilation: enabled

Compilation events (10 events):
Event: 44.122 Thread 0x0000000014adc800 nmethod 2555 0x00000000026e6910 code [0x00000000026e6a40, 0x00000000026e6ad8]
Event: 44.132 Thread 0x0000000014ae8800 2556       3       Mountain::drawImpact (307 bytes)
Event: 44.134 Thread 0x0000000014ae8800 nmethod 2556 0x0000000002d2d450 code [0x0000000002d2d720, 0x0000000002d2e5f8]
Event: 44.171 Thread 0x0000000014ae0000 2557       4       com.sun.javafx.sg.prism.NGNode::accumulateDirtyRegions (112 bytes)
Event: 44.192 Thread 0x0000000014ae0000 nmethod 2557 0x0000000002d4a790 code [0x0000000002d4a9e0, 0x0000000002d4b558]
Event: 44.372 Thread 0x0000000014adc800 2558       4       com.sun.javafx.sg.prism.GrowableDataBuffer::putObject (48 bytes)
Event: 44.375 Thread 0x0000000014adc800 nmethod 2558 0x0000000002d263d0 code [0x0000000002d26520, 0x0000000002d26618]
Event: 44.609 Thread 0x0000000014ae0000 2559       4       com.sun.javafx.image.impl.BaseByteToByteConverter$ByteAnyToSameConverter::doConvert (39 bytes)
Event: 44.614 Thread 0x0000000014ae0000 nmethod 2559 0x0000000002612c90 code [0x0000000002612dc0, 0x0000000002612fb8]
Event: 44.709 Thread 0x0000000014adc800 2560 %     4       Mountain::drawImpact @ 17 (307 bytes)

GC Heap History (10 events):
Event: 1.846 GC heap before
{Heap before GC invocations=2 (full 0):
 PSYoungGen      total 18944K, used 16883K [0x00000000eb400000, 0x00000000ec900000, 0x0000000100000000)
  eden space 16384K, 87% used [0x00000000eb400000,0x00000000ec203848,0x00000000ec400000)
  from space 2560K, 98% used [0x00000000ec400000,0x00000000ec679460,0x00000000ec680000)
  to   space 2560K, 0% used [0x00000000ec680000,0x00000000ec680000,0x00000000ec900000)
 ParOldGen       total 44032K, used 268K [0x00000000c1c00000, 0x00000000c4700000, 0x00000000eb400000)
  object space 44032K, 0% used [0x00000000c1c00000,0x00000000c1c43350,0x00000000c4700000)
 Metaspace       used 13587K, capacity 14208K, committed 14464K, reserved 1060864K
  class space    used 1912K, capacity 2089K, committed 2176K, reserved 1048576K
Event: 1.852 GC heap after
Heap after GC invocations=2 (full 0):
 PSYoungGen      total 18944K, used 2544K [0x00000000eb400000, 0x00000000ec900000, 0x0000000100000000)
  eden space 16384K, 0% used [0x00000000eb400000,0x00000000eb400000,0x00000000ec400000)
  from space 2560K, 99% used [0x00000000ec680000,0x00000000ec8fc050,0x00000000ec900000)
  to   space 2560K, 0% used [0x00000000ec400000,0x00000000ec400000,0x00000000ec680000)
 ParOldGen       total 44032K, used 5600K [0x00000000c1c00000, 0x00000000c4700000, 0x00000000eb400000)
  object space 44032K, 12% used [0x00000000c1c00000,0x00000000c2178218,0x00000000c4700000)
 Metaspace       used 13587K, capacity 14208K, committed 14464K, reserved 1060864K
  class space    used 1912K, capacity 2089K, committed 2176K, reserved 1048576K
}
Event: 20.920 GC heap before
{Heap before GC invocations=3 (full 0):
 PSYoungGen      total 18944K, used 18916K [0x00000000eb400000, 0x00000000ec900000, 0x0000000100000000)
  eden space 16384K, 99% used [0x00000000eb400000,0x00000000ec3fcfc0,0x00000000ec400000)
  from space 2560K, 99% used [0x00000000ec680000,0x00000000ec8fc050,0x00000000ec900000)
  to   space 2560K, 0% used [0x00000000ec400000,0x00000000ec400000,0x00000000ec680000)
 ParOldGen       total 44032K, used 5600K [0x00000000c1c00000, 0x00000000c4700000, 0x00000000eb400000)
  object space 44032K, 12% used [0x00000000c1c00000,0x00000000c2178218,0x00000000c4700000)
 Metaspace       used 14607K, capacity 15256K, committed 15488K, reserved 1062912K
  class space    used 1944K, capacity 2155K, committed 2176K, reserved 1048576K
Event: 20.930 GC heap after
Heap after GC invocations=3 (full 0):
 PSYoungGen      total 18944K, used 2544K [0x00000000eb400000, 0x00000000ec900000, 0x0000000100000000)
  eden space 16384K, 0% used [0x00000000eb400000,0x00000000eb400000,0x00000000ec400000)
  from space 2560K, 99% used [0x00000000ec400000,0x00000000ec67c030,0x00000000ec680000)
  to   space 2560K, 0% used [0x00000000ec680000,0x00000000ec680000,0x00000000ec900000)
 ParOldGen       total 44032K, used 11729K [0x00000000c1c00000, 0x00000000c4700000, 0x00000000eb400000)
  object space 44032K, 26% used [0x00000000c1c00000,0x00000000c27747b0,0x00000000c4700000)
 Metaspace       used 14607K, capacity 15256K, committed 15488K, reserved 1062912K
  class space    used 1944K, capacity 2155K, committed 2176K, reserved 1048576K
}
Event: 27.588 GC heap before
{Heap before GC invocations=4 (full 0):
 PSYoungGen      total 18944K, used 18928K [0x00000000eb400000, 0x00000000ec900000, 0x0000000100000000)
  eden space 16384K, 100% used [0x00000000eb400000,0x00000000ec400000,0x00000000ec400000)
  from space 2560K, 99% used [0x00000000ec400000,0x00000000ec67c030,0x00000000ec680000)
  to   space 2560K, 0% used [0x00000000ec680000,0x00000000ec680000,0x00000000ec900000)
 ParOldGen       total 44032K, used 11729K [0x00000000c1c00000, 0x00000000c4700000, 0x00000000eb400000)
  object space 44032K, 26% used [0x00000000c1c00000,0x00000000c27747b0,0x00000000c4700000)
 Metaspace       used 14676K, capacity 15384K, committed 15488K, reserved 1062912K
  class space    used 1945K, capacity 2155K, committed 2176K, reserved 1048576K
Event: 27.602 GC heap after
Heap after GC invocations=4 (full 0):
 PSYoungGen      total 18944K, used 2544K [0x00000000eb400000, 0x00000000ec900000, 0x0000000100000000)
  eden space 16384K, 0% used [0x00000000eb400000,0x00000000eb400000,0x00000000ec400000)
  from space 2560K, 99% used [0x00000000ec680000,0x00000000ec8fc030,0x00000000ec900000)
  to   space 2560K, 0% used [0x00000000ec400000,0x00000000ec400000,0x00000000ec680000)
 ParOldGen       total 44032K, used 11769K [0x00000000c1c00000, 0x00000000c4700000, 0x00000000eb400000)
  object space 44032K, 26% used [0x00000000c1c00000,0x00000000c277e7b0,0x00000000c4700000)
 Metaspace       used 14676K, capacity 15384K, committed 15488K, reserved 1062912K
  class space    used 1945K, capacity 2155K, committed 2176K, reserved 1048576K
}
Event: 34.121 GC heap before
{Heap before GC invocations=5 (full 0):
 PSYoungGen      total 18944K, used 18928K [0x00000000eb400000, 0x00000000ec900000, 0x0000000100000000)
  eden space 16384K, 100% used [0x00000000eb400000,0x00000000ec400000,0x00000000ec400000)
  from space 2560K, 99% used [0x00000000ec680000,0x00000000ec8fc030,0x00000000ec900000)
  to   space 2560K, 0% used [0x00000000ec400000,0x00000000ec400000,0x00000000ec680000)
 ParOldGen       total 44032K, used 11769K [0x00000000c1c00000, 0x00000000c4700000, 0x00000000eb400000)
  object space 44032K, 26% used [0x00000000c1c00000,0x00000000c277e7b0,0x00000000c4700000)
 Metaspace       used 14683K, capacity 15384K, committed 15488K, reserved 1062912K
  class space    used 1945K, capacity 2155K, committed 2176K, reserved 1048576K
Event: 34.131 GC heap after
Heap after GC invocations=5 (full 0):
 PSYoungGen      total 18944K, used 2528K [0x00000000eb400000, 0x00000000eda00000, 0x0000000100000000)
  eden space 16384K, 0% used [0x00000000eb400000,0x00000000eb400000,0x00000000ec400000)
  from space 2560K, 98% used [0x00000000ec400000,0x00000000ec678040,0x00000000ec680000)
  to   space 11264K, 0% used [0x00000000ecf00000,0x00000000ecf00000,0x00000000eda00000)
 ParOldGen       total 44032K, used 11785K [0x00000000c1c00000, 0x00000000c4700000, 0x00000000eb400000)
  object space 44032K, 26% used [0x00000000c1c00000,0x00000000c27827b0,0x00000000c4700000)
 Metaspace       used 14683K, capacity 15384K, committed 15488K, reserved 1062912K
  class space    used 1945K, capacity 2155K, committed 2176K, reserved 1048576K
}
Event: 40.455 GC heap before
{Heap before GC invocations=6 (full 0):
 PSYoungGen      total 18944K, used 18912K [0x00000000eb400000, 0x00000000eda00000, 0x0000000100000000)
  eden space 16384K, 100% used [0x00000000eb400000,0x00000000ec400000,0x00000000ec400000)
  from space 2560K, 98% used [0x00000000ec400000,0x00000000ec678040,0x00000000ec680000)
  to   space 11264K, 0% used [0x00000000ecf00000,0x00000000ecf00000,0x00000000eda00000)
 ParOldGen       total 44032K, used 11785K [0x00000000c1c00000, 0x00000000c4700000, 0x00000000eb400000)
  object space 44032K, 26% used [0x00000000c1c00000,0x00000000c27827b0,0x00000000c4700000)
 Metaspace       used 14690K, capacity 15384K, committed 15488K, reserved 1062912K
  class space    used 1945K, capacity 2155K, committed 2176K, reserved 1048576K
Event: 40.464 GC heap after
Heap after GC invocations=6 (full 0):
 PSYoungGen      total 26624K, used 2544K [0x00000000eb400000, 0x00000000ed900000, 0x0000000100000000)
  eden space 16384K, 0% used [0x00000000eb400000,0x00000000eb400000,0x00000000ec400000)
  from space 10240K, 24% used [0x00000000ecf00000,0x00000000ed17c030,0x00000000ed900000)
  to   space 10752K, 0% used [0x00000000ec400000,0x00000000ec400000,0x00000000ece80000)
 ParOldGen       total 44032K, used 11793K [0x00000000c1c00000, 0x00000000c4700000, 0x00000000eb400000)
  object space 44032K, 26% used [0x00000000c1c00000,0x00000000c27847b0,0x00000000c4700000)
 Metaspace       used 14690K, capacity 15384K, committed 15488K, reserved 1062912K
  class space    used 1945K, capacity 2155K, committed 2176K, reserved 1048576K
}

Deoptimization events (10 events):
Event: 2.977 Thread 0x0000000016705800 Uncommon trap: reason=unstable_if action=reinterpret pc=0x000000000286ebd8 method=java.lang.String.regionMatches(ZILjava/lang/String;II)Z @ 123
Event: 20.853 Thread 0x00000000166b5800 Uncommon trap: reason=null_check action=make_not_entrant pc=0x0000000002b49f48 method=com.sun.javafx.sg.prism.NGCanvas.renderStream(Lcom/sun/javafx/sg/prism/GrowableDataBuffer;)V @ 1646
Event: 24.353 Thread 0x0000000016705800 Uncommon trap: reason=unstable_if action=reinterpret pc=0x0000000002c77208 method=java.util.concurrent.locks.ReentrantLock$NonfairSync.lock()V @ 6
Event: 27.188 Thread 0x0000000016705800 Uncommon trap: reason=unstable_if action=reinterpret pc=0x0000000002c85a44 method=Mountain.drawImpact(DDLjavafx/scene/canvas/GraphicsContext;)V @ 246
Event: 30.487 Thread 0x00000000166b5800 Uncommon trap: reason=unstable_if action=reinterpret pc=0x0000000002cc6d14 method=com.sun.prism.impl.ManagedResource.bumpAge(I)V @ 7
Event: 31.732 Thread 0x0000000016705800 Uncommon trap: reason=unstable_if action=reinterpret pc=0x0000000002cee920 method=Tank.isHit(DD)Z @ 27
Event: 33.029 Thread 0x0000000016705800 Uncommon trap: reason=unstable_if action=reinterpret pc=0x0000000002cd4e38 method=Mountain.drawImpact(DDLjavafx/scene/canvas/GraphicsContext;)V @ 91
Event: 33.029 Thread 0x0000000016705800 Uncommon trap: reason=unstable_if action=reinterpret pc=0x0000000002c708b0 method=Mountain.drawImpact(DDLjavafx/scene/canvas/GraphicsContext;)V @ 246
Event: 41.021 Thread 0x0000000016705800 Uncommon trap: reason=unstable_if action=reinterpret pc=0x0000000002d14af4 method=java.util.concurrent.locks.ReentrantLock$Sync.nonfairTryAcquire(I)Z @ 10
Event: 44.117 Thread 0x0000000016705800 Uncommon trap: reason=unstable_if action=reinterpret pc=0x0000000002d19378 method=Mountain.drawImpact(DDLjavafx/scene/canvas/GraphicsContext;)V @ 176

Internal exceptions (10 events):
Event: 0.111 Thread 0x0000000002410800 Exception <a 'java/lang/NoSuchFieldError': method resolution failed> (0x00000000eb5e48e8) thrown at [D:\re\workspace\8-2-build-windows-amd64-cygwin\jdk8u92\6642\hotspot\src\share\vm\prims\methodHandles.cpp, line 1146]
Event: 0.129 Thread 0x0000000002410800 Exception <a 'java/security/PrivilegedActionException'> (0x00000000eb66f288) thrown at [D:\re\workspace\8-2-build-windows-amd64-cygwin\jdk8u92\6642\hotspot\src\share\vm\prims\jvm.cpp, line 1386]
Event: 0.129 Thread 0x0000000002410800 Exception <a 'java/security/PrivilegedActionException'> (0x00000000eb66f498) thrown at [D:\re\workspace\8-2-build-windows-amd64-cygwin\jdk8u92\6642\hotspot\src\share\vm\prims\jvm.cpp, line 1386]
Event: 0.130 Thread 0x0000000002410800 Exception <a 'java/security/PrivilegedActionException'> (0x00000000eb6732e0) thrown at [D:\re\workspace\8-2-build-windows-amd64-cygwin\jdk8u92\6642\hotspot\src\share\vm\prims\jvm.cpp, line 1386]
Event: 0.130 Thread 0x0000000002410800 Exception <a 'java/security/PrivilegedActionException'> (0x00000000eb6734f0) thrown at [D:\re\workspace\8-2-build-windows-amd64-cygwin\jdk8u92\6642\hotspot\src\share\vm\prims\jvm.cpp, line 1386]
Event: 0.130 Thread 0x0000000002410800 Exception <a 'java/lang/NullPointerException'> (0x00000000eb673ac8) thrown at [D:\re\workspace\8-2-build-windows-amd64-cygwin\jdk8u92\6642\hotspot\src\share\vm\interpreter\linkResolver.cpp, line 1178]
Event: 0.294 Thread 0x0000000016705800 Exception <a 'java/lang/NullPointerException'> (0x00000000ebde0178) thrown at [D:\re\workspace\8-2-build-windows-amd64-cygwin\jdk8u92\6642\hotspot\src\share\vm\interpreter\linkResolver.cpp, line 1178]
Event: 0.294 Thread 0x0000000016705800 Exception <a 'java/lang/NullPointerException'> (0x00000000ebde0178) thrown at [D:\re\workspace\8-2-build-windows-amd64-cygwin\jdk8u92\6642\hotspot\src\share\vm\prims\jvm.cpp, line 1390]
Event: 0.440 Thread 0x0000000016705800 Implicit null exception at 0x0000000002775375 to 0x000000000277554d
Event: 20.853 Thread 0x00000000166b5800 Implicit null exception at 0x0000000002b499df to 0x0000000002b49f3d

Events (10 events):
Event: 41.021 Thread 0x0000000016705800 DEOPT UNPACKING pc=0x000000000255582a sp=0x0000000016cee718 mode 2
Event: 44.117 Thread 0x0000000016705800 Uncommon trap: trap_request=0xffffff65 fr.pc=0x0000000002d19378
Event: 44.117 Thread 0x0000000016705800 DEOPT PACKING pc=0x0000000002d19378 sp=0x0000000016cede90
Event: 44.117 Thread 0x0000000016705800 DEOPT UNPACKING pc=0x000000000255582a sp=0x0000000016cede80 mode 2
Event: 44.148 Thread 0x0000000016705800 DEOPT PACKING pc=0x0000000002d2e3d3 sp=0x0000000016cede20
Event: 44.148 Thread 0x0000000016705800 DEOPT UNPACKING pc=0x000000000255787f sp=0x0000000016cedbf8 mode 0
Event: 44.261 Thread 0x0000000016705800 DEOPT PACKING pc=0x0000000002d2e3d3 sp=0x0000000016cede20
Event: 44.261 Thread 0x0000000016705800 DEOPT UNPACKING pc=0x000000000255787f sp=0x0000000016cedbf8 mode 0
Event: 44.598 Thread 0x0000000016705800 DEOPT PACKING pc=0x0000000002d2e3d3 sp=0x0000000016cede20
Event: 44.598 Thread 0x0000000016705800 DEOPT UNPACKING pc=0x000000000255787f sp=0x0000000016cedbf8 mode 0


Dynamic libraries:
0x00007ff6b3f50000 - 0x00007ff6b3f87000 	C:\Program Files\Java\jdk1.8.0_92\jre\bin\java.exe
0x00007ffb9a0e0000 - 0x00007ffb9a2a1000 	C:\WINDOWS\SYSTEM32\ntdll.dll
0x00007ffb99bc0000 - 0x00007ffb99c6d000 	C:\WINDOWS\system32\KERNEL32.DLL
0x00007ffb96790000 - 0x00007ffb96978000 	C:\WINDOWS\system32\KERNELBASE.dll
0x00007ffb98d50000 - 0x00007ffb98df7000 	C:\WINDOWS\system32\ADVAPI32.dll
0x00007ffb99900000 - 0x00007ffb9999d000 	C:\WINDOWS\system32\msvcrt.dll
0x00007ffb99c70000 - 0x00007ffb99ccb000 	C:\WINDOWS\system32\sechost.dll
0x00007ffb98e60000 - 0x00007ffb98f7c000 	C:\WINDOWS\system32\RPCRT4.dll
0x00007ffb99f80000 - 0x00007ffb9a0d6000 	C:\WINDOWS\system32\USER32.dll
0x00007ffb99df0000 - 0x00007ffb99f76000 	C:\WINDOWS\system32\GDI32.dll
0x00007ffb88450000 - 0x00007ffb886c4000 	C:\WINDOWS\WinSxS\amd64_microsoft.windows.common-controls_6595b64144ccf1df_6.0.10586.0_none_8c15ae12515e1c22\COMCTL32.dll
0x00007ffb99250000 - 0x00007ffb994cd000 	C:\WINDOWS\system32\combase.dll
0x00007ffb96a90000 - 0x00007ffb96afa000 	C:\WINDOWS\system32\bcryptPrimitives.dll
0x00007ffb97510000 - 0x00007ffb9754b000 	C:\WINDOWS\system32\IMM32.DLL
0x0000000061cb0000 - 0x0000000061d82000 	C:\Program Files\Java\jdk1.8.0_92\jre\bin\msvcr100.dll
0x0000000061d90000 - 0x0000000062626000 	C:\Program Files\Java\jdk1.8.0_92\jre\bin\server\jvm.dll
0x00007ffb97500000 - 0x00007ffb97508000 	C:\WINDOWS\system32\PSAPI.DLL
0x00007ffb91ca0000 - 0x00007ffb91ca9000 	C:\WINDOWS\SYSTEM32\WSOCK32.dll
0x00007ffb91cb0000 - 0x00007ffb91cba000 	C:\WINDOWS\SYSTEM32\VERSION.dll
0x00007ffb94560000 - 0x00007ffb94583000 	C:\WINDOWS\SYSTEM32\WINMM.dll
0x00007ffb99d80000 - 0x00007ffb99deb000 	C:\WINDOWS\system32\WS2_32.dll
0x0000000002140000 - 0x000000000216c000 	C:\WINDOWS\SYSTEM32\WINMMBASE.dll
0x00007ffb96a40000 - 0x00007ffb96a83000 	C:\WINDOWS\system32\cfgmgr32.dll
0x0000000061c60000 - 0x0000000061c6f000 	C:\Program Files\Java\jdk1.8.0_92\jre\bin\verify.dll
0x0000000061c30000 - 0x0000000061c59000 	C:\Program Files\Java\jdk1.8.0_92\jre\bin\java.dll
0x0000000061c10000 - 0x0000000061c26000 	C:\Program Files\Java\jdk1.8.0_92\jre\bin\zip.dll
0x00007ffb97690000 - 0x00007ffb98bec000 	C:\WINDOWS\system32\SHELL32.dll
0x00007ffb96bb0000 - 0x00007ffb971f4000 	C:\WINDOWS\system32\windows.storage.dll
0x00007ffb98e00000 - 0x00007ffb98e52000 	C:\WINDOWS\system32\shlwapi.dll
0x00007ffb96780000 - 0x00007ffb9678f000 	C:\WINDOWS\system32\kernel.appcore.dll
0x00007ffb96980000 - 0x00007ffb96a35000 	C:\WINDOWS\system32\shcore.dll
0x00007ffb96710000 - 0x00007ffb9675b000 	C:\WINDOWS\system32\powrprof.dll
0x00007ffb96760000 - 0x00007ffb96774000 	C:\WINDOWS\system32\profapi.dll
0x00007ffb79360000 - 0x00007ffb7944f000 	C:\Program Files\Java\jdk1.8.0_92\jre\bin\msvcr120.dll
0x00007ffb80e60000 - 0x00007ffb80f06000 	C:\Program Files\Java\jdk1.8.0_92\jre\bin\msvcp120.dll
0x0000000061800000 - 0x0000000061822000 	C:\Program Files\Java\jdk1.8.0_92\jre\bin\prism_d3d.dll
0x00007ffb8fcb0000 - 0x00007ffb8fec0000 	C:\WINDOWS\system32\d3d9.dll
0x00007ffb92810000 - 0x00007ffb92832000 	C:\WINDOWS\SYSTEM32\dwmapi.dll
0x00007ffb95160000 - 0x00007ffb951f6000 	C:\WINDOWS\system32\uxtheme.dll
0x00007ffb5a050000 - 0x00007ffb5c334000 	C:\WINDOWS\SYSTEM32\igdumdim64.dll
0x00007ffb994d0000 - 0x00007ffb998f9000 	C:\WINDOWS\system32\SETUPAPI.dll
0x00007ffb97550000 - 0x00007ffb97611000 	C:\WINDOWS\system32\OLEAUT32.dll
0x00007ffb98bf0000 - 0x00007ffb98d33000 	C:\WINDOWS\system32\ole32.dll
0x00000000617b0000 - 0x00000000617f3000 	C:\Program Files\Java\jdk1.8.0_92\jre\bin\glass.dll
0x00007ffb98f80000 - 0x00007ffb9908b000 	C:\WINDOWS\system32\COMDLG32.dll
0x00007ffb97450000 - 0x00007ffb974d6000 	C:\WINDOWS\system32\FirewallAPI.dll
0x00007ffb97200000 - 0x00007ffb97217000 	C:\WINDOWS\system32\NETAPI32.dll
0x00007ffb94480000 - 0x00007ffb9448c000 	C:\WINDOWS\SYSTEM32\DAVHLPR.DLL
0x00007ffb954b0000 - 0x00007ffb954e2000 	C:\WINDOWS\SYSTEM32\fwbase.dll
0x00007ffb99090000 - 0x00007ffb991ea000 	C:\WINDOWS\system32\MSCTF.dll
0x00007ffb8ff80000 - 0x00007ffb90982000 	C:\WINDOWS\SYSTEM32\igdusc64.dll
0x0000000061790000 - 0x00000000617a4000 	C:\Program Files\Java\jdk1.8.0_92\jre\bin\javafx_font.dll
0x00007ffb85c40000 - 0x00007ffb85ea0000 	C:\WINDOWS\SYSTEM32\dwrite.dll
0x00007ffb99cd0000 - 0x00007ffb99d77000 	C:\WINDOWS\system32\clbcatq.dll
0x00007ffb90e20000 - 0x00007ffb90fd1000 	C:\WINDOWS\SYSTEM32\WindowsCodecs.dll
0x00007ffb87110000 - 0x00007ffb8715a000 	C:\WINDOWS\system32\dataexchange.dll
0x00007ffb92350000 - 0x00007ffb925f8000 	C:\WINDOWS\system32\d3d11.dll
0x00007ffb93c20000 - 0x00007ffb93d03000 	C:\WINDOWS\system32\dcomp.dll
0x00007ffb920d0000 - 0x00007ffb92172000 	C:\WINDOWS\system32\dxgi.dll
0x00007ffb95200000 - 0x00007ffb95300000 	C:\WINDOWS\system32\twinapi.appcore.dll
0x00007ffb96630000 - 0x00007ffb96659000 	C:\WINDOWS\system32\bcrypt.dll
0x00007ffb87730000 - 0x00007ffb87764000 	C:\Program Files\Common Files\Microsoft Shared\Ink\rtscom.dll
0x0000000061760000 - 0x0000000061783000 	C:\Program Files\Java\jdk1.8.0_92\jre\bin\javafx_iio.dll
0x0000000061740000 - 0x0000000061751000 	C:\Program Files\Java\jdk1.8.0_92\jre\bin\prism_common.dll
0x00007ffb917d0000 - 0x00007ffb9195c000 	C:\WINDOWS\SYSTEM32\dbghelp.dll

VM Arguments:
jvm_args: -Dfile.encoding=UTF-8 
java_command: D:\NetbeansProject\gamewithhomepage\dist\run1683391179\TermProject.jar
java_class_path (initial): D:\NetbeansProject\gamewithhomepage\dist\run1683391179\TermProject.jar
Launcher Type: SUN_STANDARD

Environment Variables:
PATH=C:\ProgramData\Oracle\Java\javapath;C:\Program Files (x86)\Intel\iCLS Client\;C:\Program Files\Intel\iCLS Client\;D:\Python3.5\Scripts\;D:\Python3.5\;C:\WINDOWS\system32;C:\WINDOWS;C:\WINDOWS\System32\Wbem;C:\WINDOWS\System32\WindowsPowerShell\v1.0\;C:\Program Files (x86)\Microsoft SQL Server\100\Tools\Binn\;C:\Program Files\Microsoft SQL Server\100\Tools\Binn\;C:\Program Files\Microsoft SQL Server\100\DTS\Binn\;C:\WINDOWS\system32\config\systemprofile\.dnx\bin;C:\Program Files\Microsoft DNX\Dnvm\;C:\Program Files\Microsoft SQL Server\120\Tools\Binn\;C:\Program Files (x86)\Windows Kits\10\Windows Performance Toolkit\;C:\Program Files (x86)\nodejs\;C:\Program Files (x86)\Intel\Intel(R) Management Engine Components\DAL;C:\Program Files\Intel\Intel(R) Management Engine Components\DAL;C:\Program Files (x86)\Intel\Intel(R) Management Engine Components\IPT;C:\Program Files\Intel\Intel(R) Management Engine Components\IPT;C:\Users\RifatRubayatul\AppData\Roaming\npm
USERNAME=RifatRubayatul
OS=Windows_NT
PROCESSOR_IDENTIFIER=Intel64 Family 6 Model 60 Stepping 3, GenuineIntel



---------------  S Y S T E M  ---------------

OS: Windows 10.0 , 64 bit Build 10586 (10.0.10586.0)

CPU:total 4 (2 cores per cpu, 2 threads per core) family 6 model 60 stepping 3, cmov, cx8, fxsr, mmx, sse, sse2, sse3, ssse3, sse4.1, sse4.2, popcnt, avx, avx2, aes, clmul, erms, lzcnt, ht, tsc, tscinvbit, bmi1, bmi2

Memory: 4k page, physical 4072556k(906248k free), swap 6485364k(1710796k free)

vm_info: Java HotSpot(TM) 64-Bit Server VM (25.92-b14) for windows-amd64 JRE (1.8.0_92-b14), built on Mar 31 2016 21:03:04 by "java_re" with MS VC++ 10.0 (VS2010)

time: Mon Jun 06 14:05:08 2016
elapsed time: 44 seconds (0d 0h 0m 44s)

